WARNING: autodoc: failed to determine <function Account.__init__ at 0x7f842e2ed7b8> to be documented.the following exception was raised:
'function' object has no attribute 'im_class'
WARNING: autodoc: failed to determine <function Contact.__init__ at 0x7f842e27fd90> to be documented.the following exception was raised:
'function' object has no attribute 'im_class'
WARNING: autodoc: failed to determine <function Chat.__init__ at 0x7f842e285ea0> to be documented.the following exception was raised:
'function' object has no attribute 'im_class'
WARNING: autodoc: failed to determine <function Message.__init__ at 0x7f842e2fd840> to be documented.the following exception was raised:
'function' object has no attribute 'im_class'
WARNING: autodoc: failed to determine <function MessageType.__init__ at 0x7f842e2fdd90> to be documented.the following exception was raised:
'function' object has no attribute 'im_class'
WARNING: autodoc: failed to determine <function MessageState.__init__ at 0x7f842e27fae8> to be documented.the following exception was raised:
'function' object has no attribute 'im_class'
/mnt/python/doc/capi.rst:8: WARNING: Duplicate declaration, void dc_apeerstate_apply_gossip(dc_apeerstate_t *, const dc_aheader_t *, time_t message_time)
/mnt/python/doc/capi.rst:8: WARNING: Duplicate declaration, void dc_apeerstate_apply_header(dc_apeerstate_t *, const dc_aheader_t *, time_t message_time)
/mnt/python/doc/capi.rst:8: WARNING: Duplicate declaration, int dc_apeerstate_degrade_encryption(dc_apeerstate_t *, time_t message_time)
/mnt/python/doc/capi.rst:8: WARNING: Duplicate declaration, int dc_apeerstate_has_verified_key(const dc_apeerstate_t *, const dc_hash_t * fingerprints)
/mnt/python/doc/capi.rst:8: WARNING: Duplicate declaration, int dc_apeerstate_init_from_gossip(dc_apeerstate_t *, const dc_aheader_t *, time_t message_time)
/mnt/python/doc/capi.rst:8: WARNING: Duplicate declaration, int dc_apeerstate_init_from_header(dc_apeerstate_t *, const dc_aheader_t *, time_t message_time)
/mnt/python/doc/capi.rst:8: WARNING: Duplicate declaration, int dc_apeerstate_load_by_addr(dc_apeerstate_t *, dc_sqlite3_t *, const char * addr)
/mnt/python/doc/capi.rst:8: WARNING: Duplicate declaration, int dc_apeerstate_load_by_fingerprint(dc_apeerstate_t *, dc_sqlite3_t *, const char * fingerprint)
/mnt/python/doc/capi.rst:8: WARNING: Duplicate declaration, dc_apeerstate_t* dc_apeerstate_new(dc_context_t  *)
/mnt/python/doc/capi.rst:8: WARNING: Duplicate declaration, int dc_apeerstate_save_to_db(const dc_apeerstate_t *, dc_sqlite3_t *, int create)
/mnt/python/doc/capi.rst:8: WARNING: Duplicate declaration, void dc_apeerstate_unref(dc_apeerstate_t *)
/mnt/python/doc/capi.rst:8: WARNING: Duplicate declaration, char* dc_arr_to_string(const uint32_t * arr, int cnt)
/mnt/python/doc/capi.rst:8: WARNING: Duplicate declaration, dc_array_t* dc_array_duplicate(const  dc_array_t  *)
/mnt/python/doc/capi.rst:8: WARNING: Duplicate declaration, void dc_array_empty(dc_array_t  *)
/mnt/python/doc/capi.rst:8: WARNING: Duplicate declaration, void dc_array_free_ptr(dc_array_t  *)
/mnt/python/doc/capi.rst:8: WARNING: Duplicate declaration, char* dc_array_get_string(const  dc_array_t  *, const char * sep)
/mnt/python/doc/capi.rst:8: WARNING: Duplicate declaration, dc_array_t* dc_array_new(dc_context_t  *, size_t initsize)
/mnt/python/doc/capi.rst:8: WARNING: Duplicate declaration, dc_array_t* dc_array_new_typed(dc_context_t  *, int type, size_t initsize)
/mnt/python/doc/capi.rst:8: WARNING: Duplicate declaration, void dc_array_sort_ids(dc_array_t  *)
/mnt/python/doc/capi.rst:8: WARNING: Duplicate declaration, void dc_array_sort_strings(dc_array_t  *)
/mnt/python/doc/capi.rst:8: WARNING: Duplicate declaration, int dc_add_contact_to_chat_ex(dc_context_t  *, uint32_t chat_id, uint32_t contact_id, int flags)
/mnt/python/doc/capi.rst:8: WARNING: Duplicate declaration, void dc_add_device_msg(dc_context_t  *, uint32_t chat_id, const char * text)
/mnt/python/doc/capi.rst:8: WARNING: Duplicate declaration, int dc_add_to_chat_contacts_table(dc_context_t  *, uint32_t chat_id, uint32_t contact_id)
/mnt/python/doc/capi.rst:8: WARNING: Duplicate declaration, void dc_block_chat(dc_context_t  *, uint32_t chat_id, int new_blocking)
/mnt/python/doc/capi.rst:8: WARNING: Duplicate declaration, int dc_chat_load_from_db(dc_chat_t  *, uint32_t id)
/mnt/python/doc/capi.rst:8: WARNING: Duplicate declaration, int dc_chat_update_param(dc_chat_t  *)
/mnt/python/doc/capi.rst:8: WARNING: Duplicate declaration, void dc_create_or_lookup_nchat_by_contact_id(dc_context_t  *, uint32_t contact_id, int create_blocked, uint32_t * ret_chat_id, int * ret_chat_blocked)
/mnt/python/doc/capi.rst:8: WARNING: Duplicate declaration, size_t dc_get_chat_cnt(dc_context_t  *)
/mnt/python/doc/capi.rst:8: WARNING: Duplicate declaration, int dc_get_chat_contact_cnt(dc_context_t  *, uint32_t chat_id)
/mnt/python/doc/capi.rst:8: WARNING: Duplicate declaration, uint32_t dc_get_chat_id_by_grpid(dc_context_t  *, const char * grpid, int * ret_blocked, int * ret_verified)
/mnt/python/doc/capi.rst:8: WARNING: Duplicate declaration, int dc_is_contact_in_chat(dc_context_t  *, uint32_t chat_id, uint32_t contact_id)
/mnt/python/doc/capi.rst:8: WARNING: Duplicate declaration, int dc_is_group_explicitly_left(dc_context_t  *, const char * grpid)
/mnt/python/doc/capi.rst:8: WARNING: Duplicate declaration, void dc_lookup_real_nchat_by_contact_id(dc_context_t  *, uint32_t contact_id, uint32_t * ret_chat_id, int * ret_chat_blocked)
/mnt/python/doc/capi.rst:8: WARNING: Duplicate declaration, void dc_reset_gossiped_timestamp(dc_context_t  *, uint32_t chat_id)
/mnt/python/doc/capi.rst:8: WARNING: Duplicate declaration, void dc_set_gossiped_timestamp(dc_context_t  *, uint32_t chat_id, time_t)
/mnt/python/doc/capi.rst:8: WARNING: Duplicate declaration, void dc_set_group_explicitly_left(dc_context_t  *, const char * grpid)
/mnt/python/doc/capi.rst:8: WARNING: Duplicate declaration, void dc_unarchive_chat(dc_context_t  *, uint32_t chat_id)
/mnt/python/doc/capi.rst:8: WARNING: Duplicate declaration, void dc_unblock_chat(dc_context_t  *, uint32_t chat_id)
/mnt/python/doc/capi.rst:8: WARNING: Duplicate declaration, int dc_get_archived_cnt(dc_context_t  *)
/mnt/python/doc/capi.rst:8: WARNING: Duplicate declaration, struct dc_imapfolder_t  dc_imapfolder_t
/mnt/python/doc/capi.rst:8: WARNING: Duplicate declaration, struct moz_autoconfigure_t  moz_autoconfigure_t
/mnt/python/doc/capi.rst:8: WARNING: Duplicate declaration, struct outlk_autodiscover_t  outlk_autodiscover_t
/mnt/python/doc/capi.rst:8: WARNING: Duplicate declaration, uint32_t dc_add_or_lookup_contact(dc_context_t  *, const char * display_name, const char * addr_spec, int origin, int * sth_modified)
/mnt/python/doc/capi.rst:8: WARNING: Duplicate declaration, int dc_addr_cmp(const char * addr1, const char * addr2)
/mnt/python/doc/capi.rst:8: WARNING: Duplicate declaration, int dc_addr_equals_contact(dc_context_t  *, const char * addr, uint32_t contact_id)
/mnt/python/doc/capi.rst:8: WARNING: Duplicate declaration, int dc_addr_equals_self(dc_context_t  *, const char * addr)
/mnt/python/doc/capi.rst:8: WARNING: Duplicate declaration, char* dc_addr_normalize(const char * addr)
/mnt/python/doc/capi.rst:8: WARNING: Duplicate declaration, int dc_contact_is_verified_ex(dc_contact_t  *, const dc_apeerstate_t *)
/mnt/python/doc/capi.rst:8: WARNING: Duplicate declaration, int dc_contact_load_from_db(dc_contact_t  *, dc_sqlite3_t *, uint32_t contact_id)
/mnt/python/doc/capi.rst:8: WARNING: Duplicate declaration, int dc_get_contact_origin(dc_context_t  *, uint32_t contact_id, int * ret_blocked)
/mnt/python/doc/capi.rst:8: WARNING: Duplicate declaration, char* dc_get_first_name(const char * full_name)
/mnt/python/doc/capi.rst:8: WARNING: Duplicate declaration, size_t dc_get_real_contact_cnt(dc_context_t  *)
/mnt/python/doc/capi.rst:8: WARNING: Duplicate declaration, int dc_is_contact_blocked(dc_context_t  *, uint32_t contact_id)
/mnt/python/doc/capi.rst:8: WARNING: Duplicate declaration, void dc_normalize_name(char * full_name)
/mnt/python/doc/capi.rst:8: WARNING: Duplicate declaration, int dc_real_contact_exists(dc_context_t  *, uint32_t contact_id)
/mnt/python/doc/capi.rst:8: WARNING: Duplicate declaration, void dc_scaleup_contact_origin(dc_context_t  *, uint32_t contact_id, int origin)
/mnt/python/doc/capi.rst:8: WARNING: Parsing of expression failed. Using fallback parser. Error was:
Error in postfix expression, expected primary expression or type.
If primary expression:
  Invalid definition: Expected identifier in nested name. [error at 31]
    const char* sys_config_keys[]= {	 "sys.version"	,"sys.msgsize_max_recommended"	,"sys.config_keys"}
    -------------------------------^
If type:
  Invalid definition: Expected identifier in nested name. [error at 31]
    const char* sys_config_keys[]= {	 "sys.version"	,"sys.msgsize_max_recommended"	,"sys.config_keys"}
    -------------------------------^
/mnt/python/doc/capi.rst:8: WARNING: Duplicate declaration, int dc_alloc_ongoing(dc_context_t  *)
/mnt/python/doc/capi.rst:8: WARNING: Duplicate declaration, void dc_configure_folders(dc_context_t  *, dc_imap_t *, int flags)
/mnt/python/doc/capi.rst:8: WARNING: Duplicate declaration, int dc_connect_to_configured_imap(dc_context_t  *, dc_imap_t *)
/mnt/python/doc/capi.rst:8: WARNING: Duplicate declaration, char* dc_create_setup_code(dc_context_t  *)
/mnt/python/doc/capi.rst:8: WARNING: Duplicate declaration, char* dc_decrypt_setup_file(dc_context_t  *, const char * passphrase, const char * filecontent)
/mnt/python/doc/capi.rst:8: WARNING: Duplicate declaration, void dc_free_ongoing(dc_context_t  *)
/mnt/python/doc/capi.rst:8: WARNING: Duplicate declaration, int dc_handle_securejoin_handshake(dc_context_t  *, dc_mimeparser_t *, uint32_t contact_id)
/mnt/python/doc/capi.rst:8: WARNING: Duplicate declaration, int dc_has_ongoing(dc_context_t  *)
/mnt/python/doc/capi.rst:8: WARNING: Duplicate declaration, int dc_is_inbox(dc_context_t  *, const char * folder)
/mnt/python/doc/capi.rst:8: WARNING: Duplicate declaration, int dc_is_mvbox(dc_context_t  *, const char * folder)
/mnt/python/doc/capi.rst:8: WARNING: Duplicate declaration, int dc_is_sentbox(dc_context_t  *, const char * folder)
/mnt/python/doc/capi.rst:8: WARNING: Duplicate declaration, char* dc_render_setup_file(dc_context_t  *, const char * passphrase)
/mnt/python/doc/capi.rst:8: WARNING: Duplicate declaration, struct dehtml_t  dehtml_t
/mnt/python/doc/capi.rst:8: WARNING: Duplicate declaration, char* dc_dehtml(char * buf_terminated)
/mnt/python/doc/capi.rst:8: WARNING: Duplicate declaration, void dc_e2ee_decrypt(dc_context_t  * context, struct mailmime * in_out_message, dc_e2ee_helper_t * helper)
/mnt/python/doc/capi.rst:8: WARNING: Duplicate declaration, void dc_e2ee_encrypt(dc_context_t  * context, const clist * recipients_addr, int force_unencrypted, int e2ee_guaranteed, int min_verified, int do_gossip, struct mailmime * in_out_message, dc_e2ee_helper_t * helper)
/mnt/python/doc/capi.rst:8: WARNING: Duplicate declaration, void dc_e2ee_thanks(dc_e2ee_helper_t * helper)
/mnt/python/doc/capi.rst:8: WARNING: Duplicate declaration, int dc_ensure_secret_key_exists(dc_context_t  * context)
/mnt/python/doc/capi.rst:8: WARNING: Error in declarator
If pointer to member declarator:
  Invalid definition: Expected identifier in nested name. [error at 3]
    int(*)(const void*, int, const void*, int) compareFunction(int keyClass)
    ---^
If declId, parameters, and qualifiers:
  Invalid definition: Expected identifier in nested name. [error at 3]
    int(*)(const void*, int, const void*, int) compareFunction(int keyClass)
    ---^
If parenthesis in noptr-declarator:
  Error in declarator or parameters and qualifiers
  If pointer to member declarator:
    Invalid definition: Expected identifier in nested name. [error at 5]
      int(*)(const void*, int, const void*, int) compareFunction(int keyClass)
      -----^
  If declarator-id:
    Invalid definition: Expected identifier in nested name. [error at 5]
      int(*)(const void*, int, const void*, int) compareFunction(int keyClass)
      -----^
/mnt/python/doc/capi.rst:8: WARNING: Error in declarator
If pointer to member declarator:
  Invalid definition: Expected identifier in nested name. [error at 3]
    int(*)(const void*, int) hashFunction(int keyClass)
    ---^
If declId, parameters, and qualifiers:
  Invalid definition: Expected identifier in nested name. [error at 3]
    int(*)(const void*, int) hashFunction(int keyClass)
    ---^
If parenthesis in noptr-declarator:
  Error in declarator or parameters and qualifiers
  If pointer to member declarator:
    Invalid definition: Expected identifier in nested name. [error at 5]
      int(*)(const void*, int) hashFunction(int keyClass)
      -----^
  If declarator-id:
    Invalid definition: Expected identifier in nested name. [error at 5]
      int(*)(const void*, int) hashFunction(int keyClass)
      -----^
/mnt/python/doc/capi.rst:8: WARNING: Parsing of expression failed. Using fallback parser. Error was:
Error in postfix expression, expected primary expression or type.
If primary expression:
  Invalid definition: Expected identifier in nested name. [error at 42]
    const unsigned char sjhashUpperToLower[]= {	0,  1,  2,  3,  4,  5,  6,  7,  8,  9, 10, 11, 12, 13, 14, 15, 16, 17,	18, 19, 20, 21, 22, 23, 24, 25, 26, 27, 28, 29, 30, 31, 32, 33, 34, 35,	36, 37, 38, 39, 40, 41, 42, 43, 44, 45, 46, 47, 48, 49, 50, 51, 52, 53,	54, 55, 56, 57, 58, 59, 60, 61, 62, 63, 64, 97, 98, 99,100,101,102,103,	104,105,106,107,108,109,110,111,112,113,114,115,116,117,118,119,120,121,	122, 91, 92, 93, 94, 95, 96, 97, 98, 99,100,101,102,103,104,105,106,107,	108,109,110,111,112,113,114,115,116,117,118,119,120,121,122,123,124,125,	126,127,128,129,130,131,132,133,134,135,136,137,138,139,140,141,142,143,	144,145,146,147,148,149,150,151,152,153,154,155,156,157,158,159,160,161,	162,163,164,165,166,167,168,169,170,171,172,173,174,175,176,177,178,179,	180,181,182,183,184,185,186,187,188,189,190,191,192,193,194,195,196,197,	198,199,200,201,202,203,204,205,206,207,208,209,210,211,212,213,214,215,	216,217,218,219,220,221,222,223,224,225,226,227,228,229,230,231,232,233,	234,235,236,237,238,239,240,241,242,243,244,245,246,247,248,249,250,251,	252,253,254,255}
    ------------------------------------------^
If type:
  Invalid definition: Expected identifier in nested name. [error at 42]
    const unsigned char sjhashUpperToLower[]= {	0,  1,  2,  3,  4,  5,  6,  7,  8,  9, 10, 11, 12, 13, 14, 15, 16, 17,	18, 19, 20, 21, 22, 23, 24, 25, 26, 27, 28, 29, 30, 31, 32, 33, 34, 35,	36, 37, 38, 39, 40, 41, 42, 43, 44, 45, 46, 47, 48, 49, 50, 51, 52, 53,	54, 55, 56, 57, 58, 59, 60, 61, 62, 63, 64, 97, 98, 99,100,101,102,103,	104,105,106,107,108,109,110,111,112,113,114,115,116,117,118,119,120,121,	122, 91, 92, 93, 94, 95, 96, 97, 98, 99,100,101,102,103,104,105,106,107,	108,109,110,111,112,113,114,115,116,117,118,119,120,121,122,123,124,125,	126,127,128,129,130,131,132,133,134,135,136,137,138,139,140,141,142,143,	144,145,146,147,148,149,150,151,152,153,154,155,156,157,158,159,160,161,	162,163,164,165,166,167,168,169,170,171,172,173,174,175,176,177,178,179,	180,181,182,183,184,185,186,187,188,189,190,191,192,193,194,195,196,197,	198,199,200,201,202,203,204,205,206,207,208,209,210,211,212,213,214,215,	216,217,218,219,220,221,222,223,224,225,226,227,228,229,230,231,232,233,	234,235,236,237,238,239,240,241,242,243,244,245,246,247,248,249,250,251,	252,253,254,255}
    ------------------------------------------^
/mnt/python/doc/capi.rst:8: WARNING: Duplicate declaration, void dc_hash_clear(dc_hash_t *)
/mnt/python/doc/capi.rst:8: WARNING: Duplicate declaration, void* dc_hash_find(const dc_hash_t *, const void * pKey, int nKey)
/mnt/python/doc/capi.rst:8: WARNING: Duplicate declaration, void dc_hash_init(dc_hash_t *, int keytype, int copyKey)
/mnt/python/doc/capi.rst:8: WARNING: Duplicate declaration, void* dc_hash_insert(dc_hash_t *, const void * pKey, int nKey, void * pData)
/mnt/python/doc/capi.rst:8: WARNING: Duplicate declaration, int dc_imap_connect(dc_imap_t *, const dc_loginparam_t *)
/mnt/python/doc/capi.rst:8: WARNING: Duplicate declaration, int dc_imap_delete_msg(dc_imap_t *, const char * rfc724_mid, const char * folder, uint32_t server_uid)
/mnt/python/doc/capi.rst:8: WARNING: Duplicate declaration, void dc_imap_disconnect(dc_imap_t *)
/mnt/python/doc/capi.rst:8: WARNING: Duplicate declaration, int dc_imap_fetch(dc_imap_t *)
/mnt/python/doc/capi.rst:8: WARNING: Duplicate declaration, void dc_imap_idle(dc_imap_t *)
/mnt/python/doc/capi.rst:8: WARNING: Duplicate declaration, void dc_imap_interrupt_idle(dc_imap_t *)
/mnt/python/doc/capi.rst:8: WARNING: Duplicate declaration, int dc_imap_is_connected(const dc_imap_t *)
/mnt/python/doc/capi.rst:8: WARNING: Duplicate declaration, int dc_imap_is_error(dc_imap_t * imap, int code)
/mnt/python/doc/capi.rst:8: WARNING: Duplicate declaration, dc_imap_res dc_imap_move(dc_imap_t *, const char * folder, uint32_t uid, const char * dest_folder, uint32_t * dest_uid)
/mnt/python/doc/capi.rst:8: WARNING: Duplicate declaration, dc_imap_t* dc_imap_new(dc_get_config_t, dc_set_config_t, dc_precheck_imf_t, dc_receive_imf_t, void * userData, dc_context_t  *)
/mnt/python/doc/capi.rst:8: WARNING: Duplicate declaration, dc_imap_res dc_imap_set_mdnsent(dc_imap_t *, const char * folder, uint32_t uid)
/mnt/python/doc/capi.rst:8: WARNING: Duplicate declaration, dc_imap_res dc_imap_set_seen(dc_imap_t *, const char * folder, uint32_t uid)
/mnt/python/doc/capi.rst:8: WARNING: Duplicate declaration, void dc_imap_set_watch_folder(dc_imap_t *, const char * watch_folder)
/mnt/python/doc/capi.rst:8: WARNING: Duplicate declaration, void dc_imap_unref(dc_imap_t *)
/mnt/python/doc/capi.rst:8: WARNING: Duplicate declaration, char* dc_normalize_setup_code(dc_context_t  * context, const char * in)
/mnt/python/doc/capi.rst:8: WARNING: Duplicate declaration, int dc_job_action_exists(dc_context_t  *, int action)
/mnt/python/doc/capi.rst:8: WARNING: Duplicate declaration, void dc_job_add(dc_context_t  *, int action, int foreign_id, const char * param, int delay)
/mnt/python/doc/capi.rst:8: WARNING: Duplicate declaration, void dc_job_do_DC_JOB_CONFIGURE_IMAP(dc_context_t  *, dc_job_t *)
/mnt/python/doc/capi.rst:8: WARNING: Duplicate declaration, void dc_job_do_DC_JOB_IMEX_IMAP(dc_context_t  *, dc_job_t *)
/mnt/python/doc/capi.rst:8: WARNING: Duplicate declaration, void dc_job_kill_action(dc_context_t  *, int action)
/mnt/python/doc/capi.rst:8: WARNING: Duplicate declaration, int dc_job_send_msg(dc_context_t  * context, uint32_t msg_id)
/mnt/python/doc/capi.rst:8: WARNING: Duplicate declaration, void dc_job_try_again_later(dc_job_t *, int try_again, const char * error)
/mnt/python/doc/capi.rst:8: WARNING: Duplicate declaration, void dc_jobthread_exit(dc_jobthread_t *)
/mnt/python/doc/capi.rst:8: WARNING: Duplicate declaration, void dc_jobthread_fetch(dc_jobthread_t *, int use_network)
/mnt/python/doc/capi.rst:8: WARNING: Duplicate declaration, void dc_jobthread_idle(dc_jobthread_t *, int use_network)
/mnt/python/doc/capi.rst:8: WARNING: Duplicate declaration, void dc_jobthread_init(dc_jobthread_t *, dc_context_t  * context, const char * name, const char * folder_config_name)
/mnt/python/doc/capi.rst:8: WARNING: Duplicate declaration, void dc_jobthread_interrupt_idle(dc_jobthread_t *)
/mnt/python/doc/capi.rst:8: WARNING: Duplicate declaration, void dc_jobthread_suspend(dc_jobthread_t *, int suspend)
/mnt/python/doc/capi.rst:8: WARNING: Duplicate declaration, char* dc_format_fingerprint(const char *)
/mnt/python/doc/capi.rst:8: WARNING: Duplicate declaration, int dc_key_equals(const dc_key_t *, const dc_key_t *)
/mnt/python/doc/capi.rst:8: WARNING: Duplicate declaration, char* dc_key_get_fingerprint(const dc_key_t *)
/mnt/python/doc/capi.rst:8: WARNING: Duplicate declaration, char* dc_key_get_formatted_fingerprint(const dc_key_t *)
/mnt/python/doc/capi.rst:8: WARNING: Duplicate declaration, int dc_key_load_self_private(dc_key_t *, const char * self_addr, dc_sqlite3_t * sql)
/mnt/python/doc/capi.rst:8: WARNING: Duplicate declaration, int dc_key_load_self_public(dc_key_t *, const char * self_addr, dc_sqlite3_t * sql)
/mnt/python/doc/capi.rst:8: WARNING: Duplicate declaration, dc_key_t* dc_key_new()
/mnt/python/doc/capi.rst:8: WARNING: Duplicate declaration, dc_key_t* dc_key_ref(dc_key_t *)
/mnt/python/doc/capi.rst:8: WARNING: Duplicate declaration, char* dc_key_render_asc(const dc_key_t *, const char * add_header_lines)
/mnt/python/doc/capi.rst:8: WARNING: Duplicate declaration, int dc_key_render_asc_to_file(const dc_key_t *, const char * file, dc_context_t  *)
/mnt/python/doc/capi.rst:8: WARNING: Duplicate declaration, char* dc_key_render_base64(const dc_key_t *, int break_every, const char * break_chars, int add_checksum)
/mnt/python/doc/capi.rst:8: WARNING: Duplicate declaration, int dc_key_save_self_keypair(const dc_key_t * public_key, const dc_key_t * private_key, const char * addr, int is_default, dc_sqlite3_t * sql)
/mnt/python/doc/capi.rst:8: WARNING: Duplicate declaration, int dc_key_set_from_base64(dc_key_t *, const char * base64, int type)
/mnt/python/doc/capi.rst:8: WARNING: Duplicate declaration, int dc_key_set_from_binary(dc_key_t *, const void * data, int bytes, int type)
/mnt/python/doc/capi.rst:8: WARNING: Duplicate declaration, int dc_key_set_from_file(dc_key_t *, const char * file, dc_context_t  *)
/mnt/python/doc/capi.rst:8: WARNING: Duplicate declaration, int dc_key_set_from_key(dc_key_t *, const dc_key_t *)
/mnt/python/doc/capi.rst:8: WARNING: Duplicate declaration, int dc_key_set_from_stmt(dc_key_t *, sqlite3_stmt *, int index, int type)
/mnt/python/doc/capi.rst:8: WARNING: Duplicate declaration, void dc_key_unref(dc_key_t *)
/mnt/python/doc/capi.rst:8: WARNING: Duplicate declaration, char* dc_normalize_fingerprint(const char *)
/mnt/python/doc/capi.rst:8: WARNING: Duplicate declaration, char* dc_render_base64(const void * buf, size_t buf_bytes, int break_every, const char * break_chars, int add_checksum)
/mnt/python/doc/capi.rst:8: WARNING: Duplicate declaration, void dc_wipe_secret_mem(void * buf, size_t buf_bytes)
/mnt/python/doc/capi.rst:8: WARNING: Duplicate declaration, void dc_add_to_keyhistory(dc_context_t  * context, const char * rfc724_mid, time_t sending_time, const char * addr, const char * fingerprint)
/mnt/python/doc/capi.rst:8: WARNING: Duplicate declaration, void dc_keyring_add(dc_keyring_t *, dc_key_t *)
/mnt/python/doc/capi.rst:8: WARNING: Duplicate declaration, int dc_keyring_load_self_private_for_decrypting(dc_keyring_t *, const char * self_addr, dc_sqlite3_t * sql)
/mnt/python/doc/capi.rst:8: WARNING: Duplicate declaration, dc_keyring_t* dc_keyring_new()
/mnt/python/doc/capi.rst:8: WARNING: Duplicate declaration, char* dc_get_location_kml(dc_context_t  * context, uint32_t chat_id, uint32_t * last_added_location_id)
/mnt/python/doc/capi.rst:8: WARNING: Duplicate declaration, void dc_job_do_DC_JOB_MAYBE_SEND_LOCATIONS(dc_context_t  * context, dc_job_t * job)
/mnt/python/doc/capi.rst:8: WARNING: Duplicate declaration, dc_kml_t* dc_kml_parse(dc_context_t  * context, const char * content, size_t content_bytes)
/mnt/python/doc/capi.rst:8: WARNING: Duplicate declaration, void dc_kml_unref(dc_kml_t * kml)
/mnt/python/doc/capi.rst:8: WARNING: Duplicate declaration, int dc_save_locations(dc_context_t  * context, uint32_t chat_id, uint32_t msg_id, uint32_t contact_id, const  dc_array_t  * locations)
/mnt/python/doc/capi.rst:8: WARNING: Duplicate declaration, void dc_set_kml_sent_timestamp(dc_context_t  * context, uint32_t chat_id, time_t timestamp)
/mnt/python/doc/capi.rst:8: WARNING: Duplicate declaration, void dc_set_msg_location_id(dc_context_t  * context, uint32_t msg_id, uint32_t location_id)
/mnt/python/doc/capi.rst:8: WARNING: Duplicate declaration, void dc_log_error(dc_context_t  * context, int data1, const char * msg, ...)
/mnt/python/doc/capi.rst:8: WARNING: Duplicate declaration, void dc_log_event(dc_context_t  * context, int event_code, int data1, const char * msg, ...)
/mnt/python/doc/capi.rst:8: WARNING: Duplicate declaration, void dc_log_event_seq(dc_context_t  * context, int event_code, int * sequence_start, const char * msg, ...)
/mnt/python/doc/capi.rst:8: WARNING: Duplicate declaration, void dc_log_info(dc_context_t  * context, int data1, const char * msg, ...)
/mnt/python/doc/capi.rst:8: WARNING: Duplicate declaration, void dc_log_warning(dc_context_t  * context, int data1, const char * msg, ...)
/mnt/python/doc/capi.rst:8: WARNING: Duplicate declaration, void dc_loginparam_empty(dc_loginparam_t *)
/mnt/python/doc/capi.rst:8: WARNING: Duplicate declaration, char* dc_loginparam_get_readable(const dc_loginparam_t *)
/mnt/python/doc/capi.rst:8: WARNING: Duplicate declaration, dc_loginparam_t* dc_loginparam_new()
/mnt/python/doc/capi.rst:8: WARNING: Duplicate declaration, void dc_loginparam_read(dc_loginparam_t *, dc_sqlite3_t *, const char * prefix)
/mnt/python/doc/capi.rst:8: WARNING: Duplicate declaration, void dc_loginparam_unref(dc_loginparam_t *)
/mnt/python/doc/capi.rst:8: WARNING: Duplicate declaration, void dc_loginparam_write(const dc_loginparam_t *, dc_sqlite3_t *, const char * prefix)
/mnt/python/doc/capi.rst:8: WARNING: Duplicate declaration, void dc_lot_fill(dc_lot_t  *, const  dc_msg_t  *, const  dc_chat_t  *, const  dc_contact_t  *, dc_context_t  *)
/mnt/python/doc/capi.rst:8: WARNING: Duplicate declaration, void dc_mimefactory_empty(dc_mimefactory_t *)
/mnt/python/doc/capi.rst:8: WARNING: Duplicate declaration, void dc_mimefactory_init(dc_mimefactory_t *, dc_context_t  *)
/mnt/python/doc/capi.rst:8: WARNING: Duplicate declaration, int dc_mimefactory_load_mdn(dc_mimefactory_t *, uint32_t msg_id)
/mnt/python/doc/capi.rst:8: WARNING: Duplicate declaration, int dc_mimefactory_load_msg(dc_mimefactory_t *, uint32_t msg_id)
/mnt/python/doc/capi.rst:8: WARNING: Duplicate declaration, int dc_mimefactory_render(dc_mimefactory_t *)
/mnt/python/doc/capi.rst:8: WARNING: Duplicate declaration, void dc_mimeparser_repl_msg_by_error(dc_mimeparser_t *, const char * error_msg)
/mnt/python/doc/capi.rst:8: WARNING: Duplicate declaration, struct mailimf_field* mailimf_find_field(struct mailimf_fields *, int wanted_fld_type)
/mnt/python/doc/capi.rst:8: WARNING: Duplicate declaration, char* mailimf_find_first_addr(const struct mailimf_mailbox_list *)
/mnt/python/doc/capi.rst:8: WARNING: Duplicate declaration, struct mailimf_optional_field* mailimf_find_optional_field(struct mailimf_fields *, const char * wanted_fld_name)
/mnt/python/doc/capi.rst:8: WARNING: Duplicate declaration, dc_hash_t* mailimf_get_recipients(struct mailimf_fields *)
/mnt/python/doc/capi.rst:8: WARNING: Duplicate declaration, struct mailmime_parameter* mailmime_find_ct_parameter(struct mailmime *, const char * name)
/mnt/python/doc/capi.rst:8: WARNING: Duplicate declaration, struct mailimf_fields* mailmime_find_mailimf_fields(struct mailmime *)
/mnt/python/doc/capi.rst:8: WARNING: Duplicate declaration, int mailmime_transfer_decode(struct mailmime *, const char ** ret_decoded_data, size_t * ret_decoded_data_bytes, char ** ret_to_mmap_string_unref)
/mnt/python/doc/capi.rst:8: WARNING: Duplicate declaration, void dc_do_heuristics_moves(dc_context_t  * context, const char * folder, uint32_t msg_id)
/mnt/python/doc/capi.rst:8: WARNING: Duplicate declaration, void dc_delete_msg_from_db(dc_context_t  *, uint32_t)
/mnt/python/doc/capi.rst:8: WARNING: Duplicate declaration, size_t dc_get_deaddrop_msg_cnt(dc_context_t  *)
/mnt/python/doc/capi.rst:8: WARNING: Duplicate declaration, size_t dc_get_real_msg_cnt(dc_context_t  *)
/mnt/python/doc/capi.rst:8: WARNING: Duplicate declaration, int dc_mdn_from_ext(dc_context_t  *, uint32_t from_id, const char * rfc724_mid, time_t, uint32_t * ret_chat_id, uint32_t * ret_msg_id)
/mnt/python/doc/capi.rst:8: WARNING: Duplicate declaration, int dc_msg_exists(dc_context_t  *, uint32_t msg_id)
/mnt/python/doc/capi.rst:8: WARNING: Duplicate declaration, char* dc_msg_get_summarytext_by_raw(int type, const char * text, dc_param_t *, int approx_bytes, dc_context_t  *)
/mnt/python/doc/capi.rst:8: WARNING: Duplicate declaration, void dc_msg_guess_msgtype_from_suffix(const char * pathNfilename, int * ret_msgtype, char ** ret_mime)
/mnt/python/doc/capi.rst:8: WARNING: Duplicate declaration, int dc_msg_is_increation(const  dc_msg_t  *)
/mnt/python/doc/capi.rst:8: WARNING: Duplicate declaration, int dc_msg_load_from_db(dc_msg_t  *, dc_context_t  *, uint32_t id)
/mnt/python/doc/capi.rst:8: WARNING: Duplicate declaration, dc_msg_t* dc_msg_new_load(dc_context_t  *, uint32_t id)
/mnt/python/doc/capi.rst:8: WARNING: Duplicate declaration, dc_msg_t* dc_msg_new_untyped(dc_context_t  *)
/mnt/python/doc/capi.rst:8: WARNING: Duplicate declaration, void dc_msg_save_param_to_disk(dc_msg_t  *)
/mnt/python/doc/capi.rst:8: WARNING: Duplicate declaration, int dc_rfc724_mid_cnt(dc_context_t  *, const char * rfc724_mid)
/mnt/python/doc/capi.rst:8: WARNING: Duplicate declaration, uint32_t dc_rfc724_mid_exists(dc_context_t  *, const char * rfc724_mid, char ** ret_server_folder, uint32_t * ret_server_uid)
/mnt/python/doc/capi.rst:8: WARNING: Duplicate declaration, void dc_set_msg_failed(dc_context_t  *, uint32_t msg_id, const char * error)
/mnt/python/doc/capi.rst:8: WARNING: Duplicate declaration, void dc_update_msg_chat_id(dc_context_t  *, uint32_t msg_id, uint32_t chat_id)
/mnt/python/doc/capi.rst:8: WARNING: Duplicate declaration, void dc_update_msg_move_state(dc_context_t  *, const char * rfc724_mid, dc_move_state_t)
/mnt/python/doc/capi.rst:8: WARNING: Duplicate declaration, void dc_update_msg_state(dc_context_t  *, uint32_t msg_id, int state)
/mnt/python/doc/capi.rst:8: WARNING: Duplicate declaration, void dc_update_server_uid(dc_context_t  *, const char * rfc724_mid, const char * server_folder, uint32_t server_uid)
/mnt/python/doc/capi.rst:8: WARNING: Duplicate declaration, struct oauth2_t  oauth2_t
/mnt/python/doc/capi.rst:8: WARNING: Duplicate declaration, char* dc_get_oauth2_access_token(dc_context_t  *, const char * addr, const char * code, int flags)
/mnt/python/doc/capi.rst:8: WARNING: Duplicate declaration, char* dc_get_oauth2_addr(dc_context_t  *, const char * addr, const char * code)
/mnt/python/doc/capi.rst:8: WARNING: Duplicate declaration, void dc_openssl_exit(void)
/mnt/python/doc/capi.rst:8: WARNING: Duplicate declaration, void dc_openssl_init(void)
/mnt/python/doc/capi.rst:8: WARNING: Duplicate declaration, void dc_param_set_urlencoded(dc_param_t * param, const char * urlencoded)
/mnt/python/doc/capi.rst:8: WARNING: Duplicate declaration, int dc_pgp_calc_fingerprint(const dc_key_t *, uint8_t ** fingerprint, size_t * fingerprint_bytes)
/mnt/python/doc/capi.rst:8: WARNING: Duplicate declaration, int dc_pgp_create_keypair(dc_context_t  *, const char * addr, dc_key_t * public_key, dc_key_t * private_key)
/mnt/python/doc/capi.rst:8: WARNING: Duplicate declaration, void dc_pgp_exit(void)
/mnt/python/doc/capi.rst:8: WARNING: Duplicate declaration, void dc_pgp_init(void)
/mnt/python/doc/capi.rst:8: WARNING: Duplicate declaration, int dc_pgp_is_valid_key(dc_context_t  *, const dc_key_t *)
/mnt/python/doc/capi.rst:8: WARNING: Duplicate declaration, int dc_pgp_pk_decrypt(dc_context_t  *, const void * ctext, size_t ctext_bytes, const dc_keyring_t *, const dc_keyring_t * validate_keys, int use_armor, void ** plain, size_t * plain_bytes, dc_hash_t * ret_signature_fingerprints)
/mnt/python/doc/capi.rst:8: WARNING: Duplicate declaration, int dc_pgp_pk_encrypt(dc_context_t  *, const void * plain, size_t plain_bytes, const dc_keyring_t *, const dc_key_t * sign_key, int use_armor, void ** ret_ctext, size_t * ret_ctext_bytes)
/mnt/python/doc/capi.rst:8: WARNING: Duplicate declaration, void dc_pgp_rand_seed(dc_context_t  *, const void * buf, size_t bytes)
/mnt/python/doc/capi.rst:8: WARNING: Duplicate declaration, int dc_pgp_split_key(dc_context_t  *, const dc_key_t * private_in, dc_key_t * public_out)
/mnt/python/doc/capi.rst:8: WARNING: Duplicate declaration, int dc_pgp_symm_decrypt(dc_context_t  * context, const char * passphrase, const void * ctext, size_t ctext_bytes, void ** ret_plain_text, size_t * ret_plain_bytes)
/mnt/python/doc/capi.rst:8: WARNING: Duplicate declaration, int dc_pgp_symm_encrypt(dc_context_t  * context, const char * passphrase, const void * plain, size_t plain_bytes, char ** ret_ctext_armored)
/mnt/python/doc/capi.rst:8: WARNING: Duplicate declaration, int dc_split_armored_data(char * buf, const char ** ret_headerline, const char ** ret_setupcodebegin, const char ** ret_preferencrypt, const char ** ret_base64)
/mnt/python/doc/capi.rst:8: WARNING: Duplicate declaration, void dc_receive_imf(dc_context_t  * context, const char * imf_raw_not_terminated, size_t imf_raw_bytes, const char * server_folder, uint32_t server_uid, uint32_t flags)
/mnt/python/doc/capi.rst:8: WARNING: Duplicate declaration, const char* dc_attr_find(char ** attr, const char * key)
/mnt/python/doc/capi.rst:8: WARNING: Duplicate declaration, void dc_saxparser_init(dc_saxparser_t *, void * userData)
/mnt/python/doc/capi.rst:8: WARNING: Duplicate declaration, void dc_saxparser_parse(dc_saxparser_t *, const char * text)
/mnt/python/doc/capi.rst:8: WARNING: Duplicate declaration, void dc_saxparser_set_tag_handler(dc_saxparser_t *, dc_saxparser_starttag_cb_t, dc_saxparser_endtag_cb_t)
/mnt/python/doc/capi.rst:8: WARNING: Duplicate declaration, void dc_saxparser_set_text_handler(dc_saxparser_t *, dc_saxparser_text_cb_t)
/mnt/python/doc/capi.rst:8: WARNING: Duplicate declaration, void dc_handle_degrade_event(dc_context_t  * context, dc_apeerstate_t * peerstate)
/mnt/python/doc/capi.rst:8: WARNING: Duplicate declaration, dc_simplify_t* dc_simplify_new()
/mnt/python/doc/capi.rst:8: WARNING: Duplicate declaration, char* dc_simplify_simplify(dc_simplify_t *, const char * txt_unterminated, int txt_bytes, int is_html, int is_msgrmsg)
/mnt/python/doc/capi.rst:8: WARNING: Duplicate declaration, void dc_simplify_unref(dc_simplify_t *)
/mnt/python/doc/capi.rst:8: WARNING: Duplicate declaration, int dc_smtp_connect(dc_smtp_t *, const dc_loginparam_t *)
/mnt/python/doc/capi.rst:8: WARNING: Duplicate declaration, void dc_smtp_disconnect(dc_smtp_t *)
/mnt/python/doc/capi.rst:8: WARNING: Duplicate declaration, int dc_smtp_is_connected(const dc_smtp_t *)
/mnt/python/doc/capi.rst:8: WARNING: Duplicate declaration, dc_smtp_t* dc_smtp_new(dc_context_t  *)
/mnt/python/doc/capi.rst:8: WARNING: Duplicate declaration, int dc_smtp_send_msg(dc_smtp_t *, const clist * recipients, const char * data, size_t data_bytes)
/mnt/python/doc/capi.rst:8: WARNING: Duplicate declaration, void dc_smtp_unref(dc_smtp_t *)
/mnt/python/doc/capi.rst:3: WARNING: Duplicate ID: "dc__sqlite3_8c_1a0c8209e9a6d0bbb2dfe139126beb2cec".
/mnt/python/doc/capi.rst:3: WARNING: Duplicate explicit target name: "dc__sqlite3_8c_1a0c8209e9a6d0bbb2dfe139126beb2cec".
/mnt/python/doc/capi.rst:3: WARNING: Duplicate ID: "dc__sqlite3_8c_1a0c8209e9a6d0bbb2dfe139126beb2cec".
/mnt/python/doc/capi.rst:3: WARNING: Duplicate explicit target name: "dc__sqlite3_8c_1a0c8209e9a6d0bbb2dfe139126beb2cec".
/mnt/python/doc/capi.rst:3: WARNING: Duplicate ID: "dc__sqlite3_8c_1a0c8209e9a6d0bbb2dfe139126beb2cec".
/mnt/python/doc/capi.rst:3: WARNING: Duplicate explicit target name: "dc__sqlite3_8c_1a0c8209e9a6d0bbb2dfe139126beb2cec".
/mnt/python/doc/capi.rst:3: WARNING: Duplicate ID: "dc__sqlite3_8c_1a0c8209e9a6d0bbb2dfe139126beb2cec".
/mnt/python/doc/capi.rst:3: WARNING: Duplicate explicit target name: "dc__sqlite3_8c_1a0c8209e9a6d0bbb2dfe139126beb2cec".
/mnt/python/doc/capi.rst:3: WARNING: Duplicate ID: "dc__sqlite3_8c_1a0c8209e9a6d0bbb2dfe139126beb2cec".
/mnt/python/doc/capi.rst:3: WARNING: Duplicate explicit target name: "dc__sqlite3_8c_1a0c8209e9a6d0bbb2dfe139126beb2cec".
/mnt/python/doc/capi.rst:3: WARNING: Duplicate ID: "dc__sqlite3_8c_1a0c8209e9a6d0bbb2dfe139126beb2cec".
/mnt/python/doc/capi.rst:3: WARNING: Duplicate explicit target name: "dc__sqlite3_8c_1a0c8209e9a6d0bbb2dfe139126beb2cec".
/mnt/python/doc/capi.rst:3: WARNING: Duplicate ID: "dc__sqlite3_8c_1a0c8209e9a6d0bbb2dfe139126beb2cec".
/mnt/python/doc/capi.rst:3: WARNING: Duplicate explicit target name: "dc__sqlite3_8c_1a0c8209e9a6d0bbb2dfe139126beb2cec".
/mnt/python/doc/capi.rst:3: WARNING: Duplicate ID: "dc__sqlite3_8c_1a0c8209e9a6d0bbb2dfe139126beb2cec".
/mnt/python/doc/capi.rst:3: WARNING: Duplicate explicit target name: "dc__sqlite3_8c_1a0c8209e9a6d0bbb2dfe139126beb2cec".
/mnt/python/doc/capi.rst:3: WARNING: Duplicate ID: "dc__sqlite3_8c_1a0c8209e9a6d0bbb2dfe139126beb2cec".
/mnt/python/doc/capi.rst:3: WARNING: Duplicate explicit target name: "dc__sqlite3_8c_1a0c8209e9a6d0bbb2dfe139126beb2cec".
/mnt/python/doc/capi.rst:3: WARNING: Duplicate ID: "dc__sqlite3_8c_1a0c8209e9a6d0bbb2dfe139126beb2cec".
/mnt/python/doc/capi.rst:3: WARNING: Duplicate explicit target name: "dc__sqlite3_8c_1a0c8209e9a6d0bbb2dfe139126beb2cec".
/mnt/python/doc/capi.rst:3: WARNING: Duplicate ID: "dc__sqlite3_8c_1a0c8209e9a6d0bbb2dfe139126beb2cec".
/mnt/python/doc/capi.rst:3: WARNING: Duplicate explicit target name: "dc__sqlite3_8c_1a0c8209e9a6d0bbb2dfe139126beb2cec".
/mnt/python/doc/capi.rst:3: WARNING: Duplicate ID: "dc__sqlite3_8c_1a0c8209e9a6d0bbb2dfe139126beb2cec".
/mnt/python/doc/capi.rst:3: WARNING: Duplicate explicit target name: "dc__sqlite3_8c_1a0c8209e9a6d0bbb2dfe139126beb2cec".
/mnt/python/doc/capi.rst:3: WARNING: Duplicate ID: "dc__sqlite3_8c_1a0c8209e9a6d0bbb2dfe139126beb2cec".
/mnt/python/doc/capi.rst:3: WARNING: Duplicate explicit target name: "dc__sqlite3_8c_1a0c8209e9a6d0bbb2dfe139126beb2cec".
/mnt/python/doc/capi.rst:3: WARNING: Duplicate ID: "dc__sqlite3_8c_1a0c8209e9a6d0bbb2dfe139126beb2cec".
/mnt/python/doc/capi.rst:3: WARNING: Duplicate explicit target name: "dc__sqlite3_8c_1a0c8209e9a6d0bbb2dfe139126beb2cec".
/mnt/python/doc/capi.rst:3: WARNING: Duplicate ID: "dc__sqlite3_8c_1a0c8209e9a6d0bbb2dfe139126beb2cec".
/mnt/python/doc/capi.rst:3: WARNING: Duplicate explicit target name: "dc__sqlite3_8c_1a0c8209e9a6d0bbb2dfe139126beb2cec".
/mnt/python/doc/capi.rst:3: WARNING: Duplicate ID: "dc__sqlite3_8c_1a0c8209e9a6d0bbb2dfe139126beb2cec".
/mnt/python/doc/capi.rst:3: WARNING: Duplicate explicit target name: "dc__sqlite3_8c_1a0c8209e9a6d0bbb2dfe139126beb2cec".
/mnt/python/doc/capi.rst:3: WARNING: Duplicate ID: "dc__sqlite3_8c_1a0c8209e9a6d0bbb2dfe139126beb2cec".
/mnt/python/doc/capi.rst:3: WARNING: Duplicate explicit target name: "dc__sqlite3_8c_1a0c8209e9a6d0bbb2dfe139126beb2cec".
/mnt/python/doc/capi.rst:3: WARNING: Duplicate ID: "dc__sqlite3_8c_1a0c8209e9a6d0bbb2dfe139126beb2cec".
/mnt/python/doc/capi.rst:3: WARNING: Duplicate explicit target name: "dc__sqlite3_8c_1a0c8209e9a6d0bbb2dfe139126beb2cec".
/mnt/python/doc/capi.rst:3: WARNING: Duplicate ID: "dc__sqlite3_8c_1a0c8209e9a6d0bbb2dfe139126beb2cec".
/mnt/python/doc/capi.rst:3: WARNING: Duplicate explicit target name: "dc__sqlite3_8c_1a0c8209e9a6d0bbb2dfe139126beb2cec".
/mnt/python/doc/capi.rst:3: WARNING: Duplicate ID: "dc__sqlite3_8c_1a0c8209e9a6d0bbb2dfe139126beb2cec".
/mnt/python/doc/capi.rst:3: WARNING: Duplicate explicit target name: "dc__sqlite3_8c_1a0c8209e9a6d0bbb2dfe139126beb2cec".
/mnt/python/doc/capi.rst:8: WARNING: Duplicate declaration, void dc_housekeeping(dc_context_t  *)
/mnt/python/doc/capi.rst:8: WARNING: Duplicate declaration, void dc_sqlite3_begin_transaction(dc_sqlite3_t *)
/mnt/python/doc/capi.rst:8: WARNING: Duplicate declaration, void dc_sqlite3_close(dc_sqlite3_t *)
/mnt/python/doc/capi.rst:8: WARNING: Duplicate declaration, void dc_sqlite3_commit(dc_sqlite3_t *)
/mnt/python/doc/capi.rst:8: WARNING: Duplicate declaration, int dc_sqlite3_execute(dc_sqlite3_t *, const char * sql)
/mnt/python/doc/capi.rst:8: WARNING: Duplicate declaration, char* dc_sqlite3_get_config(dc_sqlite3_t *, const char * key, const char * def)
/mnt/python/doc/capi.rst:8: WARNING: Duplicate declaration, int32_t dc_sqlite3_get_config_int(dc_sqlite3_t *, const char * key, int32_t def)
/mnt/python/doc/capi.rst:8: WARNING: Duplicate declaration, int64_t dc_sqlite3_get_config_int64(dc_sqlite3_t *, const char * key, int64_t def)
/mnt/python/doc/capi.rst:8: WARNING: Duplicate declaration, uint32_t dc_sqlite3_get_rowid(dc_sqlite3_t *, const char * table, const char * field, const char * value)
/mnt/python/doc/capi.rst:8: WARNING: Duplicate declaration, int dc_sqlite3_is_open(const dc_sqlite3_t *)
/mnt/python/doc/capi.rst:8: WARNING: Duplicate declaration, void dc_sqlite3_log_error(dc_sqlite3_t *, const char * msg, ...)
/mnt/python/doc/capi.rst:8: WARNING: Duplicate declaration, dc_sqlite3_t* dc_sqlite3_new(dc_context_t  *)
/mnt/python/doc/capi.rst:8: WARNING: Duplicate declaration, int dc_sqlite3_open(dc_sqlite3_t *, const char * dbfile, int flags)
/mnt/python/doc/capi.rst:8: WARNING: Duplicate declaration, sqlite3_stmt* dc_sqlite3_prepare(dc_sqlite3_t *, const char * sql)
/mnt/python/doc/capi.rst:8: WARNING: Duplicate declaration, void dc_sqlite3_rollback(dc_sqlite3_t *)
/mnt/python/doc/capi.rst:8: WARNING: Duplicate declaration, int dc_sqlite3_set_config(dc_sqlite3_t *, const char * key, const char * value)
/mnt/python/doc/capi.rst:8: WARNING: Duplicate declaration, int dc_sqlite3_set_config_int(dc_sqlite3_t *, const char * key, int32_t value)
/mnt/python/doc/capi.rst:8: WARNING: Duplicate declaration, int dc_sqlite3_set_config_int64(dc_sqlite3_t *, const char * key, int64_t value)
/mnt/python/doc/capi.rst:8: WARNING: Duplicate declaration, int dc_sqlite3_table_exists(dc_sqlite3_t *, const char * name)
/mnt/python/doc/capi.rst:8: WARNING: Duplicate declaration, int dc_sqlite3_try_execute(dc_sqlite3_t *, const char * sql)
/mnt/python/doc/capi.rst:8: WARNING: Duplicate declaration, void dc_sqlite3_unref(dc_sqlite3_t *)
/mnt/python/doc/capi.rst:8: WARNING: Duplicate declaration, char* dc_stock_str(dc_context_t  *, int id)
/mnt/python/doc/capi.rst:8: WARNING: Duplicate declaration, char* dc_stock_str_repl_int(dc_context_t  *, int id, int value)
/mnt/python/doc/capi.rst:8: WARNING: Duplicate declaration, char* dc_stock_str_repl_string(dc_context_t  *, int id, const char * value)
/mnt/python/doc/capi.rst:8: WARNING: Duplicate declaration, char* dc_stock_str_repl_string2(dc_context_t  *, int id, const char *, const char *)
/mnt/python/doc/capi.rst:8: WARNING: Duplicate declaration, char* dc_stock_system_msg(dc_context_t  * context, int str_id, const char * param1, const char * param2, uint32_t from_id)
/mnt/python/doc/capi.rst:8: WARNING: Duplicate declaration, char* dc_strbuilder_cat(dc_strbuilder_t * strbuilder, const char * text)
/mnt/python/doc/capi.rst:8: WARNING: Duplicate declaration, void dc_strbuilder_catf(dc_strbuilder_t * strbuilder, const char * format, ...)
/mnt/python/doc/capi.rst:8: WARNING: Duplicate declaration, void dc_strbuilder_empty(dc_strbuilder_t * strbuilder)
/mnt/python/doc/capi.rst:8: WARNING: Duplicate declaration, void dc_strbuilder_init(dc_strbuilder_t * strbuilder, int init_bytes)
/mnt/python/doc/capi.rst:8: WARNING: Duplicate declaration, char* dc_decode_ext_header(const char * to_decode)
/mnt/python/doc/capi.rst:8: WARNING: Duplicate declaration, char* dc_decode_header_words(const char * in)
/mnt/python/doc/capi.rst:8: WARNING: Duplicate declaration, char* dc_decode_modified_utf7(const char * to_decode, int change_spaces)
/mnt/python/doc/capi.rst:8: WARNING: Duplicate declaration, char* dc_encode_ext_header(const char * to_encode)
/mnt/python/doc/capi.rst:8: WARNING: Duplicate declaration, char* dc_encode_header_words(const char * to_encode)
/mnt/python/doc/capi.rst:8: WARNING: Duplicate declaration, char* dc_encode_modified_utf7(const char * to_encode, int change_spaces)
/mnt/python/doc/capi.rst:8: WARNING: Duplicate declaration, int dc_needs_ext_header(const char * to_check)
/mnt/python/doc/capi.rst:8: WARNING: Duplicate declaration, char* dc_urldecode(const char * to_decode)
/mnt/python/doc/capi.rst:8: WARNING: Duplicate declaration, char* dc_urlencode(const char * to_encode)
/mnt/python/doc/capi.rst:8: WARNING: Duplicate declaration, int dc_token_exists(dc_context_t  *, dc_tokennamespc_t, const char * token)
/mnt/python/doc/capi.rst:8: WARNING: Duplicate declaration, char* dc_token_lookup(dc_context_t  *, dc_tokennamespc_t, uint32_t foreign_id)
/mnt/python/doc/capi.rst:8: WARNING: Duplicate declaration, void dc_token_save(dc_context_t  *, dc_tokennamespc_t, uint32_t foreign_id, const char * token)
/mnt/python/doc/capi.rst:8: WARNING: Duplicate declaration, void clist_free_content(const clist *)
/mnt/python/doc/capi.rst:8: WARNING: Duplicate declaration, int clist_search_string_nocase(const clist *, const char * str)
/mnt/python/doc/capi.rst:8: WARNING: Duplicate declaration, int dc_atoi_null_is_0(const char *)
/mnt/python/doc/capi.rst:8: WARNING: Duplicate declaration, char* dc_binary_to_uc_hex(const uint8_t * buf, size_t bytes)
/mnt/python/doc/capi.rst:8: WARNING: Duplicate declaration, int dc_copy_file(dc_context_t  *, const char * pathNFilename, const char * dest_pathNFilename)
/mnt/python/doc/capi.rst:8: WARNING: Duplicate declaration, int dc_create_folder(dc_context_t  *, const char * pathNfilename)
/mnt/python/doc/capi.rst:8: WARNING: Duplicate declaration, char* dc_create_id(void)
/mnt/python/doc/capi.rst:8: WARNING: Duplicate declaration, char* dc_create_incoming_rfc724_mid(time_t message_timestamp, uint32_t contact_id_from, dc_array_t  * contact_ids_to)
/mnt/python/doc/capi.rst:8: WARNING: Duplicate declaration, char* dc_create_outgoing_rfc724_mid(const char * grpid, const char * addr)
/mnt/python/doc/capi.rst:8: WARNING: Duplicate declaration, time_t dc_create_smeared_timestamp(dc_context_t  *)
/mnt/python/doc/capi.rst:8: WARNING: Duplicate declaration, time_t dc_create_smeared_timestamps(dc_context_t  *, int count)
/mnt/python/doc/capi.rst:8: WARNING: Duplicate declaration, int dc_delete_file(dc_context_t  *, const char * pathNFilename)
/mnt/python/doc/capi.rst:8: WARNING: Duplicate declaration, void dc_ensure_no_slash(char * pathNfilename)
/mnt/python/doc/capi.rst:8: WARNING: Duplicate declaration, int dc_exactly_one_bit_set(int v)
/mnt/python/doc/capi.rst:8: WARNING: Duplicate declaration, char* dc_extract_grpid_from_rfc724_mid(const char * rfc724_mid)
/mnt/python/doc/capi.rst:8: WARNING: Duplicate declaration, char* dc_extract_grpid_from_rfc724_mid_list(const clist * rfc724_mid_list)
/mnt/python/doc/capi.rst:8: WARNING: Duplicate declaration, int dc_file_exist(dc_context_t  *, const char * pathNfilename)
/mnt/python/doc/capi.rst:8: WARNING: Duplicate declaration, void dc_free_splitted_lines(carray * lines)
/mnt/python/doc/capi.rst:8: WARNING: Duplicate declaration, char* dc_get_abs_path(dc_context_t  *, const char * pathNfilename)
/mnt/python/doc/capi.rst:8: WARNING: Duplicate declaration, uint64_t dc_get_filebytes(dc_context_t  *, const char * pathNfilename)
/mnt/python/doc/capi.rst:8: WARNING: Duplicate declaration, int dc_get_filemeta(const void * buf, size_t buf_bytes, uint32_t * ret_width, uint32_t * ret_height)
/mnt/python/doc/capi.rst:8: WARNING: Duplicate declaration, char* dc_get_filename(const char * pathNfilename)
/mnt/python/doc/capi.rst:8: WARNING: Duplicate declaration, char* dc_get_filesuffix_lc(const char * pathNfilename)
/mnt/python/doc/capi.rst:8: WARNING: Duplicate declaration, char* dc_get_fine_pathNfilename(dc_context_t  *, const char * pathNfolder, const char * desired_name)
/mnt/python/doc/capi.rst:8: WARNING: Duplicate declaration, long dc_gm2local_offset(void)
/mnt/python/doc/capi.rst:8: WARNING: Duplicate declaration, char* dc_insert_breaks(const char *, int break_every, const char * break_chars)
/mnt/python/doc/capi.rst:8: WARNING: Duplicate declaration, int dc_is_blobdir_path(dc_context_t  * context, const char * path)
/mnt/python/doc/capi.rst:8: WARNING: Duplicate declaration, void dc_ltrim(char *)
/mnt/python/doc/capi.rst:8: WARNING: Duplicate declaration, int dc_make_rel_and_copy(dc_context_t  * context, char ** pathNfilename)
/mnt/python/doc/capi.rst:8: WARNING: Duplicate declaration, void dc_make_rel_path(dc_context_t  *, char ** pathNfilename)
/mnt/python/doc/capi.rst:8: WARNING: Duplicate declaration, char* dc_mprintf(const char * format, ...)
/mnt/python/doc/capi.rst:8: WARNING: Duplicate declaration, char* dc_null_terminate(const char * in, int bytes)
/mnt/python/doc/capi.rst:8: WARNING: Duplicate declaration, int dc_read_file(dc_context_t  *, const char * pathNfilename, void ** buf, size_t * buf_bytes)
/mnt/python/doc/capi.rst:8: WARNING: Duplicate declaration, void dc_remove_cr_chars(char * buf)
/mnt/python/doc/capi.rst:8: WARNING: Duplicate declaration, void dc_replace_bad_utf8_chars(char *)
/mnt/python/doc/capi.rst:8: WARNING: Duplicate declaration, void dc_rtrim(char *)
/mnt/python/doc/capi.rst:8: WARNING: Duplicate declaration, time_t dc_smeared_time(dc_context_t  *)
/mnt/python/doc/capi.rst:8: WARNING: Duplicate declaration, void dc_split_filename(const char * pathNfilename, char ** ret_basename, char ** ret_all_suffixes_incl_dot)
/mnt/python/doc/capi.rst:8: WARNING: Duplicate declaration, carray* dc_split_into_lines(const char * buf_terminated)
/mnt/python/doc/capi.rst:8: WARNING: Duplicate declaration, int dc_str_contains(const char * haystack, const char * needle)
/mnt/python/doc/capi.rst:8: WARNING: Duplicate declaration, char* dc_str_from_clist(const clist *, const char * delimiter)
/mnt/python/doc/capi.rst:8: WARNING: Duplicate declaration, int dc_str_replace(char ** haystack, const char * needle, const char * replacement)
/mnt/python/doc/capi.rst:8: WARNING: Duplicate declaration, clist* dc_str_to_clist(const char *, const char * delimiter)
/mnt/python/doc/capi.rst:8: WARNING: Duplicate declaration, int dc_str_to_color(const char *)
/mnt/python/doc/capi.rst:8: WARNING: Duplicate declaration, char* dc_strdup(const char *)
/mnt/python/doc/capi.rst:8: WARNING: Duplicate declaration, char* dc_strdup_keep_null(const char *)
/mnt/python/doc/capi.rst:8: WARNING: Duplicate declaration, char* dc_strlower(const char *)
/mnt/python/doc/capi.rst:8: WARNING: Duplicate declaration, void dc_strlower_in_place(char *)
/mnt/python/doc/capi.rst:8: WARNING: Duplicate declaration, time_t dc_timestamp_from_date(struct mailimf_date_time * date_time)
/mnt/python/doc/capi.rst:8: WARNING: Duplicate declaration, struct mailimap_date_time* dc_timestamp_to_mailimap_date_time(time_t)
/mnt/python/doc/capi.rst:8: WARNING: Duplicate declaration, char* dc_timestamp_to_str(time_t)
/mnt/python/doc/capi.rst:8: WARNING: Duplicate declaration, void dc_trim(char *)
/mnt/python/doc/capi.rst:8: WARNING: Duplicate declaration, void dc_truncate_n_unwrap_str(char *, int approx_characters, int do_unwrap)
/mnt/python/doc/capi.rst:8: WARNING: Duplicate declaration, void dc_truncate_str(char *, int approx_characters)
/mnt/python/doc/capi.rst:8: WARNING: Duplicate declaration, void dc_unify_lineends(char * buf)
/mnt/python/doc/capi.rst:8: WARNING: Duplicate declaration, void dc_validate_filename(char * filename)
/mnt/python/doc/capi.rst:8: WARNING: Duplicate declaration, int dc_write_file(dc_context_t  *, const char * pathNfilename, const void * buf, size_t buf_bytes)
/mnt/python/doc/capi.rst:8: WARNING: Duplicate declaration, time_t mkgmtime(struct tm *)
/mnt/python/doc/capi.rst:8: WARNING: Duplicate declaration, struct _dc_array dc_array_t
/mnt/python/doc/capi.rst:8: WARNING: Duplicate declaration, struct _dc_chat dc_chat_t
/mnt/python/doc/capi.rst:8: WARNING: Duplicate declaration, struct _dc_chatlist dc_chatlist_t
/mnt/python/doc/capi.rst:8: WARNING: Duplicate declaration, struct _dc_contact dc_contact_t
/mnt/python/doc/capi.rst:8: WARNING: Duplicate declaration, struct _dc_context dc_context_t
/mnt/python/doc/capi.rst:8: WARNING: Duplicate declaration, struct _dc_lot dc_lot_t
/mnt/python/doc/capi.rst:8: WARNING: Duplicate declaration, struct _dc_msg dc_msg_t
/mnt/python/doc/capi.rst:8: WARNING: Duplicate declaration, int dc_add_address_book(dc_context_t  *, const char *)
/mnt/python/doc/capi.rst:8: WARNING: Duplicate declaration, int dc_add_contact_to_chat(dc_context_t  *, uint32_t chat_id, uint32_t contact_id)
/mnt/python/doc/capi.rst:8: WARNING: Duplicate declaration, void dc_archive_chat(dc_context_t  *, uint32_t chat_id, int archive)
/mnt/python/doc/capi.rst:8: WARNING: Duplicate declaration, void dc_array_add_id(dc_array_t  * array, uint32_t item)
/mnt/python/doc/capi.rst:8: WARNING: Duplicate declaration, void dc_array_add_ptr(dc_array_t  * array, void * item)
/mnt/python/doc/capi.rst:8: WARNING: Duplicate declaration, void dc_array_add_uint(dc_array_t  * array, uintptr_t item)
/mnt/python/doc/capi.rst:8: WARNING: Duplicate declaration, double dc_array_get_accuracy(const  dc_array_t  *, size_t index)
/mnt/python/doc/capi.rst:8: WARNING: Duplicate declaration, size_t dc_array_get_cnt(const  dc_array_t  *)
/mnt/python/doc/capi.rst:8: WARNING: Duplicate declaration, uint32_t dc_array_get_id(const  dc_array_t  *, size_t index)
/mnt/python/doc/capi.rst:8: WARNING: Duplicate declaration, double dc_array_get_latitude(const  dc_array_t  *, size_t index)
/mnt/python/doc/capi.rst:8: WARNING: Duplicate declaration, double dc_array_get_longitude(const  dc_array_t  *, size_t index)
/mnt/python/doc/capi.rst:8: WARNING: Duplicate declaration, uint32_t dc_array_get_msg_id(const  dc_array_t  *, size_t index)
/mnt/python/doc/capi.rst:8: WARNING: Duplicate declaration, void* dc_array_get_ptr(const  dc_array_t  *, size_t index)
/mnt/python/doc/capi.rst:8: WARNING: Duplicate declaration, const uintptr_t* dc_array_get_raw(const  dc_array_t  *)
/mnt/python/doc/capi.rst:8: WARNING: Duplicate declaration, time_t dc_array_get_timestamp(const  dc_array_t  *, size_t index)
/mnt/python/doc/capi.rst:8: WARNING: Duplicate declaration, uintptr_t dc_array_get_uint(const  dc_array_t  *, size_t index)
/mnt/python/doc/capi.rst:8: WARNING: Duplicate declaration, int dc_array_search_id(const  dc_array_t  *, uint32_t needle, size_t * indx)
/mnt/python/doc/capi.rst:8: WARNING: Duplicate declaration, void dc_array_unref(dc_array_t  *)
/mnt/python/doc/capi.rst:8: WARNING: Duplicate declaration, void dc_block_contact(dc_context_t  *, uint32_t contact_id, int block)
/mnt/python/doc/capi.rst:8: WARNING: Duplicate declaration, void dc_chat_empty(dc_chat_t  *)
/mnt/python/doc/capi.rst:8: WARNING: Duplicate declaration, int dc_chat_get_archived(const  dc_chat_t  *)
/mnt/python/doc/capi.rst:8: WARNING: Duplicate declaration, uint32_t dc_chat_get_color(const  dc_chat_t  *)
/mnt/python/doc/capi.rst:8: WARNING: Duplicate declaration, uint32_t dc_chat_get_id(const  dc_chat_t  *)
/mnt/python/doc/capi.rst:8: WARNING: Duplicate declaration, char* dc_chat_get_name(const  dc_chat_t  *)
/mnt/python/doc/capi.rst:8: WARNING: Duplicate declaration, char* dc_chat_get_profile_image(const  dc_chat_t  *)
/mnt/python/doc/capi.rst:8: WARNING: Duplicate declaration, char* dc_chat_get_subtitle(const  dc_chat_t  *)
/mnt/python/doc/capi.rst:8: WARNING: Duplicate declaration, int dc_chat_get_type(const  dc_chat_t  *)
/mnt/python/doc/capi.rst:8: WARNING: Duplicate declaration, int dc_chat_is_self_talk(const  dc_chat_t  *)
/mnt/python/doc/capi.rst:8: WARNING: Duplicate declaration, int dc_chat_is_unpromoted(const  dc_chat_t  *)
/mnt/python/doc/capi.rst:8: WARNING: Duplicate declaration, int dc_chat_is_verified(const  dc_chat_t  *)
/mnt/python/doc/capi.rst:8: WARNING: Duplicate declaration, dc_chat_t* dc_chat_new(dc_context_t  *)
/mnt/python/doc/capi.rst:8: WARNING: Duplicate declaration, void dc_chat_unref(dc_chat_t  *)
/mnt/python/doc/capi.rst:8: WARNING: Duplicate declaration, void dc_chatlist_empty(dc_chatlist_t  *)
/mnt/python/doc/capi.rst:8: WARNING: Duplicate declaration, uint32_t dc_chatlist_get_chat_id(const  dc_chatlist_t  *, size_t index)
/mnt/python/doc/capi.rst:8: WARNING: Duplicate declaration, size_t dc_chatlist_get_cnt(const  dc_chatlist_t  *)
/mnt/python/doc/capi.rst:8: WARNING: Duplicate declaration, dc_context_t* dc_chatlist_get_context(dc_chatlist_t  *)
/mnt/python/doc/capi.rst:8: WARNING: Duplicate declaration, uint32_t dc_chatlist_get_msg_id(const  dc_chatlist_t  *, size_t index)
/mnt/python/doc/capi.rst:8: WARNING: Duplicate declaration, dc_lot_t* dc_chatlist_get_summary(const  dc_chatlist_t  *, size_t index, dc_chat_t  *)
/mnt/python/doc/capi.rst:8: WARNING: Duplicate declaration, dc_chatlist_t* dc_chatlist_new(dc_context_t  *)
/mnt/python/doc/capi.rst:8: WARNING: Duplicate declaration, void dc_chatlist_unref(dc_chatlist_t  *)
/mnt/python/doc/capi.rst:8: WARNING: Duplicate declaration, int dc_check_password(dc_context_t  *, const char * pw)
/mnt/python/doc/capi.rst:8: WARNING: Duplicate declaration, dc_lot_t* dc_check_qr(dc_context_t  *, const char * qr)
/mnt/python/doc/capi.rst:8: WARNING: Duplicate declaration, void dc_close(dc_context_t  *)
/mnt/python/doc/capi.rst:8: WARNING: Duplicate declaration, void dc_configure(dc_context_t  *)
/mnt/python/doc/capi.rst:8: WARNING: Duplicate declaration, void dc_contact_empty(dc_contact_t  *)
/mnt/python/doc/capi.rst:8: WARNING: Duplicate declaration, char* dc_contact_get_addr(const  dc_contact_t  *)
/mnt/python/doc/capi.rst:8: WARNING: Duplicate declaration, uint32_t dc_contact_get_color(const  dc_contact_t  *)
/mnt/python/doc/capi.rst:8: WARNING: Duplicate declaration, char* dc_contact_get_display_name(const  dc_contact_t  *)
/mnt/python/doc/capi.rst:8: WARNING: Duplicate declaration, char* dc_contact_get_first_name(const  dc_contact_t  *)
/mnt/python/doc/capi.rst:8: WARNING: Duplicate declaration, uint32_t dc_contact_get_id(const  dc_contact_t  *)
/mnt/python/doc/capi.rst:8: WARNING: Duplicate declaration, char* dc_contact_get_name(const  dc_contact_t  *)
/mnt/python/doc/capi.rst:8: WARNING: Duplicate declaration, char* dc_contact_get_name_n_addr(const  dc_contact_t  *)
/mnt/python/doc/capi.rst:8: WARNING: Duplicate declaration, char* dc_contact_get_profile_image(const  dc_contact_t  *)
/mnt/python/doc/capi.rst:8: WARNING: Duplicate declaration, int dc_contact_is_blocked(const  dc_contact_t  *)
/mnt/python/doc/capi.rst:8: WARNING: Duplicate declaration, int dc_contact_is_verified(dc_contact_t  *)
/mnt/python/doc/capi.rst:8: WARNING: Duplicate declaration, dc_contact_t* dc_contact_new(dc_context_t  *)
/mnt/python/doc/capi.rst:8: WARNING: Duplicate declaration, void dc_contact_unref(dc_contact_t  *)
/mnt/python/doc/capi.rst:8: WARNING: Duplicate declaration, dc_context_t* dc_context_new(dc_callback_t, void * userdata, const char * os_name)
/mnt/python/doc/capi.rst:8: WARNING: Duplicate declaration, void dc_context_unref(dc_context_t  *)
/mnt/python/doc/capi.rst:8: WARNING: Duplicate declaration, int dc_continue_key_transfer(dc_context_t  *, uint32_t msg_id, const char * setup_code)
/mnt/python/doc/capi.rst:8: WARNING: Duplicate declaration, uint32_t dc_create_chat_by_contact_id(dc_context_t  *, uint32_t contact_id)
/mnt/python/doc/capi.rst:8: WARNING: Duplicate declaration, uint32_t dc_create_chat_by_msg_id(dc_context_t  *, uint32_t msg_id)
/mnt/python/doc/capi.rst:8: WARNING: Duplicate declaration, uint32_t dc_create_contact(dc_context_t  *, const char * name, const char * addr)
/mnt/python/doc/capi.rst:8: WARNING: Duplicate declaration, uint32_t dc_create_group_chat(dc_context_t  *, int verified, const char * name)
/mnt/python/doc/capi.rst:8: WARNING: Duplicate declaration, void dc_delete_all_locations(dc_context_t  *)
/mnt/python/doc/capi.rst:8: WARNING: Duplicate declaration, void dc_delete_chat(dc_context_t  *, uint32_t chat_id)
/mnt/python/doc/capi.rst:8: WARNING: Duplicate declaration, int dc_delete_contact(dc_context_t  *, uint32_t contact_id)
/mnt/python/doc/capi.rst:8: WARNING: Duplicate declaration, void dc_delete_msgs(dc_context_t  *, const uint32_t * msg_ids, int msg_cnt)
/mnt/python/doc/capi.rst:8: WARNING: Duplicate declaration, void dc_forward_msgs(dc_context_t  *, const uint32_t * msg_ids, int msg_cnt, uint32_t chat_id)
/mnt/python/doc/capi.rst:8: WARNING: Duplicate declaration, char* dc_get_blobdir(const  dc_context_t  *)
/mnt/python/doc/capi.rst:8: WARNING: Duplicate declaration, int dc_get_blocked_cnt(dc_context_t  *)
/mnt/python/doc/capi.rst:8: WARNING: Duplicate declaration, dc_array_t* dc_get_blocked_contacts(dc_context_t  *)
/mnt/python/doc/capi.rst:8: WARNING: Duplicate declaration, dc_chat_t* dc_get_chat(dc_context_t  *, uint32_t chat_id)
/mnt/python/doc/capi.rst:8: WARNING: Duplicate declaration, dc_array_t* dc_get_chat_contacts(dc_context_t  *, uint32_t chat_id)
/mnt/python/doc/capi.rst:8: WARNING: Duplicate declaration, uint32_t dc_get_chat_id_by_contact_id(dc_context_t  *, uint32_t contact_id)
/mnt/python/doc/capi.rst:8: WARNING: Duplicate declaration, dc_array_t* dc_get_chat_media(dc_context_t  *, uint32_t chat_id, int msg_type, int or_msg_type2, int or_msg_type3)
/mnt/python/doc/capi.rst:8: WARNING: Duplicate declaration, dc_array_t* dc_get_chat_msgs(dc_context_t  *, uint32_t chat_id, uint32_t flags, uint32_t marker1before)
/mnt/python/doc/capi.rst:8: WARNING: Duplicate declaration, dc_chatlist_t* dc_get_chatlist(dc_context_t  *, int flags, const char * query_str, uint32_t query_id)
/mnt/python/doc/capi.rst:8: WARNING: Duplicate declaration, char* dc_get_config(dc_context_t  *, const char * key)
/mnt/python/doc/capi.rst:8: WARNING: Duplicate declaration, dc_contact_t* dc_get_contact(dc_context_t  *, uint32_t contact_id)
/mnt/python/doc/capi.rst:8: WARNING: Duplicate declaration, char* dc_get_contact_encrinfo(dc_context_t  *, uint32_t contact_id)
/mnt/python/doc/capi.rst:8: WARNING: Duplicate declaration, dc_array_t* dc_get_contacts(dc_context_t  *, uint32_t flags, const char * query)
/mnt/python/doc/capi.rst:8: WARNING: Duplicate declaration, dc_msg_t* dc_get_draft(dc_context_t  *, uint32_t chat_id)
/mnt/python/doc/capi.rst:8: WARNING: Duplicate declaration, int dc_get_fresh_msg_cnt(dc_context_t  *, uint32_t chat_id)
/mnt/python/doc/capi.rst:8: WARNING: Duplicate declaration, dc_array_t* dc_get_fresh_msgs(dc_context_t  *)
/mnt/python/doc/capi.rst:8: WARNING: Duplicate declaration, char* dc_get_info(dc_context_t  *)
/mnt/python/doc/capi.rst:8: WARNING: Duplicate declaration, dc_array_t* dc_get_locations(dc_context_t  *, uint32_t chat_id, uint32_t contact_id, time_t timestamp_begin, time_t timestamp_end)
/mnt/python/doc/capi.rst:8: WARNING: Duplicate declaration, char* dc_get_mime_headers(dc_context_t  *, uint32_t msg_id)
/mnt/python/doc/capi.rst:8: WARNING: Duplicate declaration, dc_msg_t* dc_get_msg(dc_context_t  *, uint32_t msg_id)
/mnt/python/doc/capi.rst:8: WARNING: Duplicate declaration, int dc_get_msg_cnt(dc_context_t  *, uint32_t chat_id)
/mnt/python/doc/capi.rst:8: WARNING: Duplicate declaration, char* dc_get_msg_info(dc_context_t  *, uint32_t msg_id)
/mnt/python/doc/capi.rst:8: WARNING: Duplicate declaration, uint32_t dc_get_next_media(dc_context_t  *, uint32_t msg_id, int dir, int msg_type, int or_msg_type2, int or_msg_type3)
/mnt/python/doc/capi.rst:8: WARNING: Duplicate declaration, char* dc_get_oauth2_url(dc_context_t  *, const char * addr, const char * redirect)
/mnt/python/doc/capi.rst:8: WARNING: Duplicate declaration, char* dc_get_securejoin_qr(dc_context_t  *, uint32_t chat_id)
/mnt/python/doc/capi.rst:8: WARNING: Duplicate declaration, void* dc_get_userdata(dc_context_t  *)
/mnt/python/doc/capi.rst:8: WARNING: Duplicate declaration, char* dc_get_version_str(void)
/mnt/python/doc/capi.rst:8: WARNING: Duplicate declaration, void dc_imex(dc_context_t  *, int what, const char * param1, const char * param2)
/mnt/python/doc/capi.rst:8: WARNING: Duplicate declaration, char* dc_imex_has_backup(dc_context_t  *, const char * dir)
/mnt/python/doc/capi.rst:8: WARNING: Duplicate declaration, char* dc_initiate_key_transfer(dc_context_t  *)
/mnt/python/doc/capi.rst:8: WARNING: Duplicate declaration, void dc_interrupt_imap_idle(dc_context_t  *)
/mnt/python/doc/capi.rst:8: WARNING: Duplicate declaration, void dc_interrupt_mvbox_idle(dc_context_t  *)
/mnt/python/doc/capi.rst:8: WARNING: Duplicate declaration, void dc_interrupt_sentbox_idle(dc_context_t  *)
/mnt/python/doc/capi.rst:8: WARNING: Duplicate declaration, void dc_interrupt_smtp_idle(dc_context_t  *)
/mnt/python/doc/capi.rst:8: WARNING: Duplicate declaration, int dc_is_configured(const  dc_context_t  *)
/mnt/python/doc/capi.rst:8: WARNING: Duplicate declaration, int dc_is_contact_in_chat(dc_context_t  *, uint32_t chat_id, uint32_t contact_id)
/mnt/python/doc/capi.rst:8: WARNING: Duplicate declaration, int dc_is_open(const  dc_context_t  *)
/mnt/python/doc/capi.rst:8: WARNING: Duplicate declaration, int dc_is_sending_locations_to_chat(dc_context_t  *, uint32_t chat_id)
/mnt/python/doc/capi.rst:8: WARNING: Duplicate declaration, uint32_t dc_join_securejoin(dc_context_t  *, const char * qr)
/mnt/python/doc/capi.rst:8: WARNING: Duplicate declaration, uint32_t dc_lookup_contact_id_by_addr(dc_context_t  *, const char * addr)
/mnt/python/doc/capi.rst:8: WARNING: Duplicate declaration, void dc_lot_empty(dc_lot_t  *)
/mnt/python/doc/capi.rst:8: WARNING: Duplicate declaration, uint32_t dc_lot_get_id(const  dc_lot_t  *)
/mnt/python/doc/capi.rst:8: WARNING: Duplicate declaration, int dc_lot_get_state(const  dc_lot_t  *)
/mnt/python/doc/capi.rst:8: WARNING: Duplicate declaration, char* dc_lot_get_text1(const  dc_lot_t  *)
/mnt/python/doc/capi.rst:8: WARNING: Duplicate declaration, int dc_lot_get_text1_meaning(const  dc_lot_t  *)
/mnt/python/doc/capi.rst:8: WARNING: Duplicate declaration, char* dc_lot_get_text2(const  dc_lot_t  *)
/mnt/python/doc/capi.rst:8: WARNING: Duplicate declaration, time_t dc_lot_get_timestamp(const  dc_lot_t  *)
/mnt/python/doc/capi.rst:8: WARNING: Duplicate declaration, dc_lot_t* dc_lot_new()
/mnt/python/doc/capi.rst:8: WARNING: Duplicate declaration, void dc_lot_unref(dc_lot_t  *)
/mnt/python/doc/capi.rst:8: WARNING: Duplicate declaration, void dc_marknoticed_all_chats(dc_context_t  *)
/mnt/python/doc/capi.rst:8: WARNING: Duplicate declaration, void dc_marknoticed_chat(dc_context_t  *, uint32_t chat_id)
/mnt/python/doc/capi.rst:8: WARNING: Duplicate declaration, void dc_marknoticed_contact(dc_context_t  *, uint32_t contact_id)
/mnt/python/doc/capi.rst:8: WARNING: Duplicate declaration, void dc_markseen_msgs(dc_context_t  *, const uint32_t * msg_ids, int msg_cnt)
/mnt/python/doc/capi.rst:8: WARNING: Duplicate declaration, int dc_may_be_valid_addr(const char * addr)
/mnt/python/doc/capi.rst:8: WARNING: Duplicate declaration, void dc_maybe_network(dc_context_t  *)
/mnt/python/doc/capi.rst:8: WARNING: Duplicate declaration, void dc_msg_empty(dc_msg_t  *)
/mnt/python/doc/capi.rst:8: WARNING: Duplicate declaration, uint32_t dc_msg_get_chat_id(const  dc_msg_t  *)
/mnt/python/doc/capi.rst:8: WARNING: Duplicate declaration, int dc_msg_get_duration(const  dc_msg_t  *)
/mnt/python/doc/capi.rst:8: WARNING: Duplicate declaration, char* dc_msg_get_file(const  dc_msg_t  *)
/mnt/python/doc/capi.rst:8: WARNING: Duplicate declaration, uint64_t dc_msg_get_filebytes(const  dc_msg_t  *)
/mnt/python/doc/capi.rst:8: WARNING: Duplicate declaration, char* dc_msg_get_filemime(const  dc_msg_t  *)
/mnt/python/doc/capi.rst:8: WARNING: Duplicate declaration, char* dc_msg_get_filename(const  dc_msg_t  *)
/mnt/python/doc/capi.rst:8: WARNING: Duplicate declaration, uint32_t dc_msg_get_from_id(const  dc_msg_t  *)
/mnt/python/doc/capi.rst:8: WARNING: Duplicate declaration, int dc_msg_get_height(const  dc_msg_t  *)
/mnt/python/doc/capi.rst:8: WARNING: Duplicate declaration, uint32_t dc_msg_get_id(const  dc_msg_t  *)
/mnt/python/doc/capi.rst:8: WARNING: Duplicate declaration, time_t dc_msg_get_received_timestamp(const  dc_msg_t  *)
/mnt/python/doc/capi.rst:8: WARNING: Duplicate declaration, char* dc_msg_get_setupcodebegin(const  dc_msg_t  *)
/mnt/python/doc/capi.rst:8: WARNING: Duplicate declaration, int dc_msg_get_showpadlock(const  dc_msg_t  *)
/mnt/python/doc/capi.rst:8: WARNING: Duplicate declaration, time_t dc_msg_get_sort_timestamp(const  dc_msg_t  *)
/mnt/python/doc/capi.rst:8: WARNING: Duplicate declaration, int dc_msg_get_state(const  dc_msg_t  *)
/mnt/python/doc/capi.rst:8: WARNING: Duplicate declaration, dc_lot_t* dc_msg_get_summary(const  dc_msg_t  *, const  dc_chat_t  *)
/mnt/python/doc/capi.rst:8: WARNING: Duplicate declaration, char* dc_msg_get_summarytext(const  dc_msg_t  *, int approx_characters)
/mnt/python/doc/capi.rst:8: WARNING: Duplicate declaration, char* dc_msg_get_text(const  dc_msg_t  *)
/mnt/python/doc/capi.rst:8: WARNING: Duplicate declaration, time_t dc_msg_get_timestamp(const  dc_msg_t  *)
/mnt/python/doc/capi.rst:8: WARNING: Duplicate declaration, int dc_msg_get_viewtype(const  dc_msg_t  *)
/mnt/python/doc/capi.rst:8: WARNING: Duplicate declaration, int dc_msg_get_width(const  dc_msg_t  *)
/mnt/python/doc/capi.rst:8: WARNING: Duplicate declaration, int dc_msg_has_deviating_timestamp(const  dc_msg_t  *)
/mnt/python/doc/capi.rst:8: WARNING: Duplicate declaration, int dc_msg_is_forwarded(const  dc_msg_t  *)
/mnt/python/doc/capi.rst:8: WARNING: Duplicate declaration, int dc_msg_is_increation(const  dc_msg_t  *)
/mnt/python/doc/capi.rst:8: WARNING: Duplicate declaration, int dc_msg_is_info(const  dc_msg_t  *)
/mnt/python/doc/capi.rst:8: WARNING: Duplicate declaration, int dc_msg_is_sent(const  dc_msg_t  *)
/mnt/python/doc/capi.rst:8: WARNING: Duplicate declaration, int dc_msg_is_setupmessage(const  dc_msg_t  *)
/mnt/python/doc/capi.rst:8: WARNING: Duplicate declaration, int dc_msg_is_starred(const  dc_msg_t  *)
/mnt/python/doc/capi.rst:8: WARNING: Duplicate declaration, void dc_msg_latefiling_mediasize(dc_msg_t  *, int width, int height, int duration)
/mnt/python/doc/capi.rst:8: WARNING: Duplicate declaration, dc_msg_t* dc_msg_new(dc_context_t  *, int viewtype)
/mnt/python/doc/capi.rst:8: WARNING: Duplicate declaration, void dc_msg_set_dimension(dc_msg_t  *, int width, int height)
/mnt/python/doc/capi.rst:8: WARNING: Duplicate declaration, void dc_msg_set_duration(dc_msg_t  *, int duration)
/mnt/python/doc/capi.rst:8: WARNING: Duplicate declaration, void dc_msg_set_file(dc_msg_t  *, const char * file, const char * filemime)
/mnt/python/doc/capi.rst:8: WARNING: Duplicate declaration, void dc_msg_set_text(dc_msg_t  *, const char * text)
/mnt/python/doc/capi.rst:8: WARNING: Duplicate declaration, void dc_msg_unref(dc_msg_t  *)
/mnt/python/doc/capi.rst:8: WARNING: Duplicate declaration, void dc_no_compound_msgs(void)
/mnt/python/doc/capi.rst:8: WARNING: Duplicate declaration, int dc_open(dc_context_t  *, const char * dbfile, const char * blobdir)
/mnt/python/doc/capi.rst:8: WARNING: Duplicate declaration, void dc_openssl_init_not_required(void)
/mnt/python/doc/capi.rst:8: WARNING: Duplicate declaration, void dc_perform_imap_fetch(dc_context_t  *)
/mnt/python/doc/capi.rst:8: WARNING: Duplicate declaration, void dc_perform_imap_idle(dc_context_t  *)
/mnt/python/doc/capi.rst:8: WARNING: Duplicate declaration, void dc_perform_imap_jobs(dc_context_t  *)
/mnt/python/doc/capi.rst:8: WARNING: Duplicate declaration, void dc_perform_mvbox_fetch(dc_context_t  *)
/mnt/python/doc/capi.rst:8: WARNING: Duplicate declaration, void dc_perform_mvbox_idle(dc_context_t  *)
/mnt/python/doc/capi.rst:8: WARNING: Duplicate declaration, void dc_perform_sentbox_fetch(dc_context_t  *)
/mnt/python/doc/capi.rst:8: WARNING: Duplicate declaration, void dc_perform_sentbox_idle(dc_context_t  *)
/mnt/python/doc/capi.rst:8: WARNING: Duplicate declaration, void dc_perform_smtp_idle(dc_context_t  *)
/mnt/python/doc/capi.rst:8: WARNING: Duplicate declaration, void dc_perform_smtp_jobs(dc_context_t  *)
/mnt/python/doc/capi.rst:8: WARNING: Duplicate declaration, uint32_t dc_prepare_msg(dc_context_t  *, uint32_t chat_id, dc_msg_t  *)
/mnt/python/doc/capi.rst:8: WARNING: Duplicate declaration, int dc_remove_contact_from_chat(dc_context_t  *, uint32_t chat_id, uint32_t contact_id)
/mnt/python/doc/capi.rst:8: WARNING: Duplicate declaration, dc_array_t* dc_search_msgs(dc_context_t  *, uint32_t chat_id, const char * query)
/mnt/python/doc/capi.rst:8: WARNING: Duplicate declaration, void dc_send_locations_to_chat(dc_context_t  *, uint32_t chat_id, int seconds)
/mnt/python/doc/capi.rst:8: WARNING: Duplicate declaration, uint32_t dc_send_msg(dc_context_t  *, uint32_t chat_id, dc_msg_t  *)
/mnt/python/doc/capi.rst:8: WARNING: Duplicate declaration, uint32_t dc_send_text_msg(dc_context_t  *, uint32_t chat_id, const char * text_to_send)
/mnt/python/doc/capi.rst:8: WARNING: Duplicate declaration, int dc_set_chat_name(dc_context_t  *, uint32_t chat_id, const char * name)
/mnt/python/doc/capi.rst:8: WARNING: Duplicate declaration, int dc_set_chat_profile_image(dc_context_t  *, uint32_t chat_id, const char * image)
/mnt/python/doc/capi.rst:8: WARNING: Duplicate declaration, int dc_set_config(dc_context_t  *, const char * key, const char * value)
/mnt/python/doc/capi.rst:8: WARNING: Duplicate declaration, void dc_set_draft(dc_context_t  *, uint32_t chat_id, dc_msg_t  *)
/mnt/python/doc/capi.rst:8: WARNING: Duplicate declaration, int dc_set_location(dc_context_t  *, double latitude, double longitude, double accuracy)
/mnt/python/doc/capi.rst:8: WARNING: Duplicate declaration, void dc_star_msgs(dc_context_t  *, const uint32_t * msg_ids, int msg_cnt, int star)
/mnt/python/doc/capi.rst:8: WARNING: Duplicate declaration, void dc_stop_ongoing_process(dc_context_t  *)
/mnt/python/doc/capi.rst:3: WARNING: Duplicate ID: "group__DC__MSG_1ga510c9ae279a2e5ee32ba49796a747e83".
/mnt/python/doc/capi.rst:3: WARNING: Duplicate explicit target name: "group__DC__MSG_1ga510c9ae279a2e5ee32ba49796a747e83".
/mnt/python/doc/capi.rst:3: WARNING: Duplicate ID: "group__DC__MSG_1gac99a50a71b7dfc1ca7f2a145e8be588b".
/mnt/python/doc/capi.rst:3: WARNING: Duplicate explicit target name: "group__DC__MSG_1gac99a50a71b7dfc1ca7f2a145e8be588b".
/mnt/python/doc/capi.rst:3: WARNING: Duplicate ID: "group__DC__MSG_1ga1203849015c917aa274b05b0d08f1b7c".
/mnt/python/doc/capi.rst:3: WARNING: Duplicate explicit target name: "group__DC__MSG_1ga1203849015c917aa274b05b0d08f1b7c".
/mnt/python/doc/capi.rst:3: WARNING: Duplicate ID: "group__DC__MSG_1gaf530f0e997ef2e0ef2f2f71fc7c2f9b7".
/mnt/python/doc/capi.rst:3: WARNING: Duplicate explicit target name: "group__DC__MSG_1gaf530f0e997ef2e0ef2f2f71fc7c2f9b7".
/mnt/python/doc/capi.rst:3: WARNING: Duplicate ID: "group__DC__MSG_1ga1c305b0eaa3d2fe21287d528a83ec524".
/mnt/python/doc/capi.rst:3: WARNING: Duplicate explicit target name: "group__DC__MSG_1ga1c305b0eaa3d2fe21287d528a83ec524".
/mnt/python/doc/capi.rst:3: WARNING: Duplicate ID: "group__DC__MSG_1ga1979f080cdb27c24d519d864e9aa1a06".
/mnt/python/doc/capi.rst:3: WARNING: Duplicate explicit target name: "group__DC__MSG_1ga1979f080cdb27c24d519d864e9aa1a06".
/mnt/python/doc/capi.rst:3: WARNING: Duplicate ID: "group__DC__MSG_1ga0c7b507e8de897186e7a31c2fa131058".
/mnt/python/doc/capi.rst:3: WARNING: Duplicate explicit target name: "group__DC__MSG_1ga0c7b507e8de897186e7a31c2fa131058".
/mnt/python/doc/capi.rst:3: WARNING: Duplicate ID: "group__DC__LP_1ga445ab2551c9ad140db8dd2e09986b3f2".
/mnt/python/doc/capi.rst:3: WARNING: Duplicate explicit target name: "group__DC__LP_1ga445ab2551c9ad140db8dd2e09986b3f2".
/mnt/python/doc/capi.rst:3: WARNING: Duplicate ID: "group__DC__LP_1ga349c080fbc694dc5410f2c0fe8ddb21a".
/mnt/python/doc/capi.rst:3: WARNING: Duplicate explicit target name: "group__DC__LP_1ga349c080fbc694dc5410f2c0fe8ddb21a".
/mnt/python/doc/capi.rst:3: WARNING: Duplicate ID: "group__DC__LP_1gad763aa49fdb9229e8f94a11adb4ee366".
/mnt/python/doc/capi.rst:3: WARNING: Duplicate explicit target name: "group__DC__LP_1gad763aa49fdb9229e8f94a11adb4ee366".
/mnt/python/doc/capi.rst:3: WARNING: Duplicate ID: "group__DC__LP_1ga6cfa49b07d24e08f8395e4f832182c94".
/mnt/python/doc/capi.rst:3: WARNING: Duplicate explicit target name: "group__DC__LP_1ga6cfa49b07d24e08f8395e4f832182c94".
/mnt/python/doc/capi.rst:3: WARNING: Duplicate ID: "group__DC__LP_1ga8e8856b8701b99cb7bc29b9bb4a2884e".
/mnt/python/doc/capi.rst:3: WARNING: Duplicate explicit target name: "group__DC__LP_1ga8e8856b8701b99cb7bc29b9bb4a2884e".
/mnt/python/doc/capi.rst:3: WARNING: Duplicate ID: "group__DC__LP_1gafb9119dcaf9dbac0bb23ad104550d9f0".
/mnt/python/doc/capi.rst:3: WARNING: Duplicate explicit target name: "group__DC__LP_1gafb9119dcaf9dbac0bb23ad104550d9f0".
/mnt/python/doc/capi.rst:3: WARNING: Duplicate ID: "group__DC__LP_1gae321d7e3a0b3cd8c22bdafa167a0a541".
/mnt/python/doc/capi.rst:3: WARNING: Duplicate explicit target name: "group__DC__LP_1gae321d7e3a0b3cd8c22bdafa167a0a541".
/mnt/python/doc/capi.rst:3: WARNING: Duplicate ID: "group__DC__LP_1ga7f60805c9c1a78a89387bd827244a0cf".
/mnt/python/doc/capi.rst:3: WARNING: Duplicate explicit target name: "group__DC__LP_1ga7f60805c9c1a78a89387bd827244a0cf".
/mnt/python/doc/capi.rst:3: WARNING: Duplicate ID: "group__DC__EVENT_1ga27512e465c573fcf295014f8e0075adf".
/mnt/python/doc/capi.rst:3: WARNING: Duplicate explicit target name: "group__DC__EVENT_1ga27512e465c573fcf295014f8e0075adf".
/mnt/python/doc/capi.rst:3: WARNING: Duplicate ID: "group__DC__EVENT_1gae047f9361d57c42d82a794324f5b9fd6".
/mnt/python/doc/capi.rst:3: WARNING: Duplicate explicit target name: "group__DC__EVENT_1gae047f9361d57c42d82a794324f5b9fd6".
/mnt/python/doc/capi.rst:3: WARNING: Duplicate ID: "group__DC__EVENT_1ga658b9fc4315badab7afe265b7fa8c2af".
/mnt/python/doc/capi.rst:3: WARNING: Duplicate explicit target name: "group__DC__EVENT_1ga658b9fc4315badab7afe265b7fa8c2af".
/mnt/python/doc/capi.rst:3: WARNING: Duplicate ID: "group__DC__EVENT_1gaf7b3f4a361fc9515a79758bd49a376d0".
/mnt/python/doc/capi.rst:3: WARNING: Duplicate explicit target name: "group__DC__EVENT_1gaf7b3f4a361fc9515a79758bd49a376d0".
/mnt/python/doc/capi.rst:3: WARNING: Duplicate ID: "group__DC__EVENT_1ga055e6bfcba292678fc5f0d687f6230a1".
/mnt/python/doc/capi.rst:3: WARNING: Duplicate explicit target name: "group__DC__EVENT_1ga055e6bfcba292678fc5f0d687f6230a1".
/mnt/python/doc/capi.rst:3: WARNING: Duplicate ID: "group__DC__EVENT_1gab55bc1fec869d92d722618c05bd74604".
/mnt/python/doc/capi.rst:3: WARNING: Duplicate explicit target name: "group__DC__EVENT_1gab55bc1fec869d92d722618c05bd74604".
/mnt/python/doc/capi.rst:3: WARNING: Duplicate ID: "group__DC__EVENT_1gadb561ea83f96d736cf53e38a23af20f1".
/mnt/python/doc/capi.rst:3: WARNING: Duplicate explicit target name: "group__DC__EVENT_1gadb561ea83f96d736cf53e38a23af20f1".
/mnt/python/doc/capi.rst:3: WARNING: Duplicate ID: "group__DC__EVENT_1gadb25467911eda7f746fdf567a7c81368".
/mnt/python/doc/capi.rst:3: WARNING: Duplicate explicit target name: "group__DC__EVENT_1gadb25467911eda7f746fdf567a7c81368".
/mnt/python/doc/capi.rst:3: WARNING: Duplicate ID: "group__DC__EVENT_1ga479839cdf39be3b4aac8f6be83a53772".
/mnt/python/doc/capi.rst:3: WARNING: Duplicate explicit target name: "group__DC__EVENT_1ga479839cdf39be3b4aac8f6be83a53772".
/mnt/python/doc/capi.rst:3: WARNING: Duplicate ID: "group__DC__EVENT_1ga867b454250458393e4f405a064c02928".
/mnt/python/doc/capi.rst:3: WARNING: Duplicate explicit target name: "group__DC__EVENT_1ga867b454250458393e4f405a064c02928".
/mnt/python/doc/capi.rst:3: WARNING: Duplicate ID: "group__DC__EVENT_1ga7ffbea55be6a5e6da7ac7e35ba6bf985".
/mnt/python/doc/capi.rst:3: WARNING: Duplicate explicit target name: "group__DC__EVENT_1ga7ffbea55be6a5e6da7ac7e35ba6bf985".
/mnt/python/doc/capi.rst:3: WARNING: Duplicate ID: "group__DC__EVENT_1ga006ea41d9c1a76ffc672752484c61e6c".
/mnt/python/doc/capi.rst:3: WARNING: Duplicate explicit target name: "group__DC__EVENT_1ga006ea41d9c1a76ffc672752484c61e6c".
/mnt/python/doc/capi.rst:3: WARNING: Duplicate ID: "group__DC__EVENT_1ga3f0831ca83189879a2f224b424d8b58f".
/mnt/python/doc/capi.rst:3: WARNING: Duplicate explicit target name: "group__DC__EVENT_1ga3f0831ca83189879a2f224b424d8b58f".
/mnt/python/doc/capi.rst:3: WARNING: Duplicate ID: "group__DC__EVENT_1ga0f492424e22941431e2562731a5f21ba".
/mnt/python/doc/capi.rst:3: WARNING: Duplicate explicit target name: "group__DC__EVENT_1ga0f492424e22941431e2562731a5f21ba".
/mnt/python/doc/capi.rst:3: WARNING: Duplicate ID: "group__DC__EVENT_1ga1eded0156765a6c55f31e39ca6cf6adf".
/mnt/python/doc/capi.rst:3: WARNING: Duplicate explicit target name: "group__DC__EVENT_1ga1eded0156765a6c55f31e39ca6cf6adf".
/mnt/python/doc/capi.rst:3: WARNING: Duplicate ID: "group__DC__EVENT_1ga4438030310448a61af0a4bc72c6765dc".
/mnt/python/doc/capi.rst:3: WARNING: Duplicate explicit target name: "group__DC__EVENT_1ga4438030310448a61af0a4bc72c6765dc".
/mnt/python/doc/capi.rst:3: WARNING: Duplicate ID: "group__DC__EVENT_1ga1690a84950e2bc948c674d0271262d2a".
/mnt/python/doc/capi.rst:3: WARNING: Duplicate explicit target name: "group__DC__EVENT_1ga1690a84950e2bc948c674d0271262d2a".
/mnt/python/doc/capi.rst:3: WARNING: Duplicate ID: "group__DC__EVENT_1ga750f252b4bc82d91dfdd788860f36989".
/mnt/python/doc/capi.rst:3: WARNING: Duplicate explicit target name: "group__DC__EVENT_1ga750f252b4bc82d91dfdd788860f36989".
/mnt/python/doc/capi.rst:3: WARNING: Duplicate ID: "group__DC__EVENT_1ga0f52cdaad70dd24f7540abda6193cc2d".
/mnt/python/doc/capi.rst:3: WARNING: Duplicate explicit target name: "group__DC__EVENT_1ga0f52cdaad70dd24f7540abda6193cc2d".
/mnt/python/doc/capi.rst:3: WARNING: Duplicate ID: "group__DC__EVENT_1gae1b19779138b8ea63d1b6a5b450c181a".
/mnt/python/doc/capi.rst:3: WARNING: Duplicate explicit target name: "group__DC__EVENT_1gae1b19779138b8ea63d1b6a5b450c181a".
/mnt/python/doc/capi.rst:3: WARNING: Duplicate ID: "group__DC__EVENT_1gae9113049bec969095e2cda81ebc1773a".
/mnt/python/doc/capi.rst:3: WARNING: Duplicate explicit target name: "group__DC__EVENT_1gae9113049bec969095e2cda81ebc1773a".
/mnt/python/doc/capi.rst:3: WARNING: Duplicate ID: "group__DC__EVENT_1ga68af4630b2e79d8a387c8a9b83c9a088".
/mnt/python/doc/capi.rst:3: WARNING: Duplicate explicit target name: "group__DC__EVENT_1ga68af4630b2e79d8a387c8a9b83c9a088".
/mnt/python/doc/capi.rst:3: WARNING: Duplicate ID: "group__DC__EVENT_1gace252b291eaa12fd593ea8384b2205e4".
/mnt/python/doc/capi.rst:3: WARNING: Duplicate explicit target name: "group__DC__EVENT_1gace252b291eaa12fd593ea8384b2205e4".
/mnt/python/doc/capi.rst:3: WARNING: Duplicate ID: "group__DC__EVENT_1ga2e4cc3e6e1c3ba8f152b2cf94632a967".
/mnt/python/doc/capi.rst:3: WARNING: Duplicate explicit target name: "group__DC__EVENT_1ga2e4cc3e6e1c3ba8f152b2cf94632a967".
